 ⚠ ./node_modules/@prisma/instrumentation/node_modules/@opentelemetry/instrumentation/build/esm/platform/node/instrumentation.js
Critical dependency: the request of a dependency is an expression

Import trace for requested module:
./node_modules/@prisma/instrumentation/node_modules/@opentelemetry/instrumentation/build/esm/platform/node/instrumentation.js
./node_modules/@prisma/instrumentation/node_modules/@opentelemetry/instrumentation/build/esm/platform/node/index.js
./node_modules/@prisma/instrumentation/node_modules/@opentelemetry/instrumentation/build/esm/platform/index.js
./node_modules/@prisma/instrumentation/node_modules/@opentelemetry/instrumentation/build/esm/index.js
./node_modules/@prisma/instrumentation/dist/index.js
./node_modules/@sentry/node/build/cjs/integrations/tracing/prisma.js
./node_modules/@sentry/node/build/cjs/index.js
./node_modules/@sentry/nextjs/build/cjs/index.server.js
./src/lib/logger.ts
./src/lib/redis.ts
./src/app/api/health/route.ts

./node_modules/require-in-the-middle/index.js
Critical dependency: require function is used in a way in which dependencies cannot be statically extracted

Import trace for requested module:
./node_modules/require-in-the-middle/index.js
./node_modules/@opentelemetry/instrumentation/build/esm/platform/node/instrumentation.js
./node_modules/@opentelemetry/instrumentation/build/esm/platform/node/index.js
./node_modules/@opentelemetry/instrumentation/build/esm/platform/index.js
./node_modules/@opentelemetry/instrumentation/build/esm/index.js
./node_modules/@sentry/node/build/cjs/integrations/tracing/postgresjs.js
./node_modules/@sentry/node/build/cjs/index.js
./node_modules/@sentry/nextjs/build/cjs/index.server.js
./src/lib/logger.ts
./src/lib/redis.ts
./src/app/api/health/route.ts
Error: Cannot find module 'D:\my-saas-chat\.next\server\vendor-chunks\lib\worker.js'
    at Module._resolveFilename (node:internal/modules/cjs/loader:1207:15)
    at Module._load (node:internal/modules/cjs/loader:1038:27)
    at Function.executeUserEntryPoint [as runMain] (node:internal/modules/run_main:164:12)
    at MessagePort.<anonymous> (node:internal/main/worker_thread:192:26)
    at [nodejs.internal.kHybridDispatch] (node:internal/event_target:831:20)
    at MessagePort.<anonymous> (node:internal/per_context/messageport:23:28) {
  code: 'MODULE_NOT_FOUND',
  requireStack: []
}
 ⨯ uncaughtException: Error: Cannot find module 'D:\my-saas-chat\.next\server\vendor-chunks\lib\worker.js'
    at Module._resolveFilename (node:internal/modules/cjs/loader:1207:15)
    at Module._load (node:internal/modules/cjs/loader:1038:27)
    at Function.executeUserEntryPoint [as runMain] (node:internal/modules/run_main:164:12)
    at MessagePort.<anonymous> (node:internal/main/worker_thread:192:26)
    at [nodejs.internal.kHybridDispatch] (node:internal/event_target:831:20)
    at MessagePort.<anonymous> (node:internal/per_context/messageport:23:28) {
  code: 'MODULE_NOT_FOUND',
  requireStack: []
}
 ⨯ uncaughtException: Error: Cannot find module 'D:\my-saas-chat\.next\server\vendor-chunks\lib\worker.js'
    at Module._resolveFilename (node:internal/modules/cjs/loader:1207:15)
    at Module._load (node:internal/modules/cjs/loader:1038:27)
    at Function.executeUserEntryPoint [as runMain] (node:internal/modules/run_main:164:12)
    at MessagePort.<anonymous> (node:internal/main/worker_thread:192:26)
    at [nodejs.internal.kHybridDispatch] (node:internal/event_target:831:20)
    at MessagePort.<anonymous> (node:internal/per_context/messageport:23:28) {
  code: 'MODULE_NOT_FOUND',
  requireStack: []
}
Error: the worker thread exited
    at Worker.onWorkerExit (webpack-internal:///(rsc)/./node_modules/thread-stream/index.js:201:32)
    at Worker.emit (node:events:524:28)
    at [kOnExit] (node:internal/worker:322:10)
    at Worker.<computed>.onexit (node:internal/worker:230:20)
    at Worker.callbackTrampoline (node:internal/async_hooks:130:17)
 ⨯ uncaughtException: Error: the worker thread exited
    at Worker.onWorkerExit (webpack-internal:///(rsc)/./node_modules/thread-stream/index.js:201:32)
    at Worker.emit (node:events:524:28)
    at [kOnExit] (node:internal/worker:322:10)
    at Worker.<computed>.onexit (node:internal/worker:230:20)
    at Worker.callbackTrampoline (node:internal/async_hooks:130:17)
 ⨯ uncaughtException: Error: the worker thread exited
    at Worker.onWorkerExit (webpack-internal:///(rsc)/./node_modules/thread-stream/index.js:201:32)
    at Worker.emit (node:events:524:28)
    at [kOnExit] (node:internal/worker:322:10)
    at Worker.<computed>.onexit (node:internal/worker:230:20)
    at Worker.callbackTrampoline (node:internal/async_hooks:130:17)
 ⚠ ./node_modules/@prisma/instrumentation/node_modules/@opentelemetry/instrumentation/build/esm/platform/node/instrumentation.js
Critical dependency: the request of a dependency is an expression

Import trace for requested module:
./node_modules/@prisma/instrumentation/node_modules/@opentelemetry/instrumentation/build/esm/platform/node/instrumentation.js
./node_modules/@prisma/instrumentation/node_modules/@opentelemetry/instrumentation/build/esm/platform/node/index.js
./node_modules/@prisma/instrumentation/node_modules/@opentelemetry/instrumentation/build/esm/platform/index.js
./node_modules/@prisma/instrumentation/node_modules/@opentelemetry/instrumentation/build/esm/index.js
./node_modules/@prisma/instrumentation/dist/index.js
./node_modules/@sentry/node/build/cjs/integrations/tracing/prisma.js
./node_modules/@sentry/node/build/cjs/index.js
./node_modules/@sentry/nextjs/build/cjs/index.server.js
./src/lib/logger.ts
./src/lib/redis.ts
./src/app/api/health/route.ts

./node_modules/require-in-the-middle/index.js
Critical dependency: require function is used in a way in which dependencies cannot be statically extracted

Import trace for requested module:
./node_modules/require-in-the-middle/index.js
./node_modules/@opentelemetry/instrumentation/build/esm/platform/node/instrumentation.js
./node_modules/@opentelemetry/instrumentation/build/esm/platform/node/index.js
./node_modules/@opentelemetry/instrumentation/build/esm/platform/index.js
./node_modules/@opentelemetry/instrumentation/build/esm/index.js
./node_modules/@sentry/node/build/cjs/integrations/tracing/postgresjs.js
./node_modules/@sentry/node/build/cjs/index.js
./node_modules/@sentry/nextjs/build/cjs/index.server.js
./src/lib/logger.ts
./src/lib/redis.ts
./src/app/api/health/route.ts
 ⚠ ./node_modules/@prisma/instrumentation/node_modules/@opentelemetry/instrumentation/build/esm/platform/node/instrumentation.js
Critical dependency: the request of a dependency is an expression

Import trace for requested module:
./node_modules/@prisma/instrumentation/node_modules/@opentelemetry/instrumentation/build/esm/platform/node/instrumentation.js
./node_modules/@prisma/instrumentation/node_modules/@opentelemetry/instrumentation/build/esm/platform/node/index.js
./node_modules/@prisma/instrumentation/node_modules/@opentelemetry/instrumentation/build/esm/platform/index.js
./node_modules/@prisma/instrumentation/node_modules/@opentelemetry/instrumentation/build/esm/index.js
./node_modules/@prisma/instrumentation/dist/index.js
./node_modules/@sentry/node/build/cjs/integrations/tracing/prisma.js
./node_modules/@sentry/node/build/cjs/index.js
./node_modules/@sentry/nextjs/build/cjs/index.server.js
./src/lib/logger.ts
./src/lib/prisma.ts
./src/app/api/health/route.ts

./node_modules/require-in-the-middle/index.js
Critical dependency: require function is used in a way in which dependencies cannot be statically extracted

Import trace for requested module:
./node_modules/require-in-the-middle/index.js
./node_modules/@opentelemetry/instrumentation/build/esm/platform/node/instrumentation.js
./node_modules/@opentelemetry/instrumentation/build/esm/platform/node/index.js
./node_modules/@opentelemetry/instrumentation/build/esm/platform/index.js
./node_modules/@opentelemetry/instrumentation/build/esm/index.js
./node_modules/@sentry/node/build/cjs/integrations/tracing/postgresjs.js
./node_modules/@sentry/node/build/cjs/index.js
./node_modules/@sentry/nextjs/build/cjs/index.server.js
./src/lib/logger.ts
./src/lib/prisma.ts
./src/app/api/health/route.ts
Error: Cannot find module 'D:\my-saas-chat\.next\server\vendor-chunks\lib\worker.js'
    at Module._resolveFilename (node:internal/modules/cjs/loader:1207:15)
    at Module._load (node:internal/modules/cjs/loader:1038:27)
    at Function.executeUserEntryPoint [as runMain] (node:internal/modules/run_main:164:12)
    at MessagePort.<anonymous> (node:internal/main/worker_thread:192:26)
    at [nodejs.internal.kHybridDispatch] (node:internal/event_target:831:20)
    at MessagePort.<anonymous> (node:internal/per_context/messageport:23:28) {
  code: 'MODULE_NOT_FOUND',
  requireStack: []
}
 ⨯ uncaughtException: Error: Cannot find module 'D:\my-saas-chat\.next\server\vendor-chunks\lib\worker.js'
    at Module._resolveFilename (node:internal/modules/cjs/loader:1207:15)
    at Module._load (node:internal/modules/cjs/loader:1038:27)
    at Function.executeUserEntryPoint [as runMain] (node:internal/modules/run_main:164:12)
    at MessagePort.<anonymous> (node:internal/main/worker_thread:192:26)
    at [nodejs.internal.kHybridDispatch] (node:internal/event_target:831:20)
    at MessagePort.<anonymous> (node:internal/per_context/messageport:23:28) {
  code: 'MODULE_NOT_FOUND',
  requireStack: []
}
 ⨯ uncaughtException: Error: Cannot find module 'D:\my-saas-chat\.next\server\vendor-chunks\lib\worker.js'
    at Module._resolveFilename (node:internal/modules/cjs/loader:1207:15)
    at Module._load (node:internal/modules/cjs/loader:1038:27)
    at Function.executeUserEntryPoint [as runMain] (node:internal/modules/run_main:164:12)
    at MessagePort.<anonymous> (node:internal/main/worker_thread:192:26)
    at [nodejs.internal.kHybridDispatch] (node:internal/event_target:831:20)
    at MessagePort.<anonymous> (node:internal/per_context/messageport:23:28) {
  code: 'MODULE_NOT_FOUND',
  requireStack: []
}
Error: the worker thread exited
    at Worker.onWorkerExit (webpack-internal:///(rsc)/./node_modules/thread-stream/index.js:201:32)
    at Worker.emit (node:events:524:28)
    at [kOnExit] (node:internal/worker:322:10)
    at Worker.<computed>.onexit (node:internal/worker:230:20)
    at Worker.callbackTrampoline (node:internal/async_hooks:130:17)
 ⨯ uncaughtException: Error: the worker thread exited
    at Worker.onWorkerExit (webpack-internal:///(rsc)/./node_modules/thread-stream/index.js:201:32)
    at Worker.emit (node:events:524:28)
    at [kOnExit] (node:internal/worker:322:10)
    at Worker.<computed>.onexit (node:internal/worker:230:20)
    at Worker.callbackTrampoline (node:internal/async_hooks:130:17)
 ⨯ uncaughtException: Error: the worker thread exited
    at Worker.onWorkerExit (webpack-internal:///(rsc)/./node_modules/thread-stream/index.js:201:32)
    at Worker.emit (node:events:524:28)
    at [kOnExit] (node:internal/worker:322:10)
    at Worker.<computed>.onexit (node:internal/worker:230:20)
    at Worker.callbackTrampoline (node:internal/async_hooks:130:17)
 ⚠ ./node_modules/@prisma/instrumentation/node_modules/@opentelemetry/instrumentation/build/esm/platform/node/instrumentation.js
Critical dependency: the request of a dependency is an expression

Import trace for requested module:
./node_modules/@prisma/instrumentation/node_modules/@opentelemetry/instrumentation/build/esm/platform/node/instrumentation.js
./node_modules/@prisma/instrumentation/node_modules/@opentelemetry/instrumentation/build/esm/platform/node/index.js
./node_modules/@prisma/instrumentation/node_modules/@opentelemetry/instrumentation/build/esm/platform/index.js
./node_modules/@prisma/instrumentation/node_modules/@opentelemetry/instrumentation/build/esm/index.js
./node_modules/@prisma/instrumentation/dist/index.js
./node_modules/@sentry/node/build/cjs/integrations/tracing/prisma.js
./node_modules/@sentry/node/build/cjs/index.js
./node_modules/@sentry/nextjs/build/cjs/index.server.js
./src/lib/logger.ts
./src/lib/prisma.ts
./src/app/api/health/route.ts

./node_modules/require-in-the-middle/index.js
Critical dependency: require function is used in a way in which dependencies cannot be statically extracted

Import trace for requested module:
./node_modules/require-in-the-middle/index.js
./node_modules/@opentelemetry/instrumentation/build/esm/platform/node/instrumentation.js
./node_modules/@opentelemetry/instrumentation/build/esm/platform/node/index.js
./node_modules/@opentelemetry/instrumentation/build/esm/platform/index.js
./node_modules/@opentelemetry/instrumentation/build/esm/index.js
./node_modules/@sentry/node/build/cjs/integrations/tracing/postgresjs.js
./node_modules/@sentry/node/build/cjs/index.js
./node_modules/@sentry/nextjs/build/cjs/index.server.js
./src/lib/logger.ts
./src/lib/prisma.ts
./src/app/api/health/route.ts
 ⚠ ./node_modules/@prisma/instrumentation/node_modules/@opentelemetry/instrumentation/build/esm/platform/node/instrumentation.js
Critical dependency: the request of a dependency is an expression

Import trace for requested module:
./node_modules/@prisma/instrumentation/node_modules/@opentelemetry/instrumentation/build/esm/platform/node/instrumentation.js
./node_modules/@prisma/instrumentation/node_modules/@opentelemetry/instrumentation/build/esm/platform/node/index.js
./node_modules/@prisma/instrumentation/node_modules/@opentelemetry/instrumentation/build/esm/platform/index.js
./node_modules/@prisma/instrumentation/node_modules/@opentelemetry/instrumentation/build/esm/index.js
./node_modules/@prisma/instrumentation/dist/index.js
./node_modules/@sentry/node/build/cjs/integrations/tracing/prisma.js
./node_modules/@sentry/node/build/cjs/index.js
./node_modules/@sentry/nextjs/build/cjs/index.server.js
./src/lib/logger.ts
./src/lib/prisma.ts
./src/app/api/health/route.ts

./node_modules/require-in-the-middle/index.js
Critical dependency: require function is used in a way in which dependencies cannot be statically extracted

Import trace for requested module:
./node_modules/require-in-the-middle/index.js
./node_modules/@opentelemetry/instrumentation/build/esm/platform/node/instrumentation.js
./node_modules/@opentelemetry/instrumentation/build/esm/platform/node/index.js
./node_modules/@opentelemetry/instrumentation/build/esm/platform/index.js
./node_modules/@opentelemetry/instrumentation/build/esm/index.js
./node_modules/@sentry/node/build/cjs/integrations/tracing/postgresjs.js
./node_modules/@sentry/node/build/cjs/index.js
./node_modules/@sentry/nextjs/build/cjs/index.server.js
./src/lib/logger.ts
./src/lib/prisma.ts
./src/app/api/health/route.ts
Error: Cannot find module 'D:\my-saas-chat\.next\server\vendor-chunks\lib\worker.js'
    at Module._resolveFilename (node:internal/modules/cjs/loader:1207:15)
    at Module._load (node:internal/modules/cjs/loader:1038:27)
    at Function.executeUserEntryPoint [as runMain] (node:internal/modules/run_main:164:12)
    at MessagePort.<anonymous> (node:internal/main/worker_thread:192:26)
    at [nodejs.internal.kHybridDispatch] (node:internal/event_target:831:20)
    at MessagePort.<anonymous> (node:internal/per_context/messageport:23:28) {
  code: 'MODULE_NOT_FOUND',
  requireStack: []
}
 ⨯ uncaughtException: Error: Cannot find module 'D:\my-saas-chat\.next\server\vendor-chunks\lib\worker.js'
    at Module._resolveFilename (node:internal/modules/cjs/loader:1207:15)
    at Module._load (node:internal/modules/cjs/loader:1038:27)
    at Function.executeUserEntryPoint [as runMain] (node:internal/modules/run_main:164:12)
    at MessagePort.<anonymous> (node:internal/main/worker_thread:192:26)
    at [nodejs.internal.kHybridDispatch] (node:internal/event_target:831:20)
    at MessagePort.<anonymous> (node:internal/per_context/messageport:23:28) {
  code: 'MODULE_NOT_FOUND',
  requireStack: []
}
 ⨯ uncaughtException: Error: Cannot find module 'D:\my-saas-chat\.next\server\vendor-chunks\lib\worker.js'
    at Module._resolveFilename (node:internal/modules/cjs/loader:1207:15)
    at Module._load (node:internal/modules/cjs/loader:1038:27)
    at Function.executeUserEntryPoint [as runMain] (node:internal/modules/run_main:164:12)
    at MessagePort.<anonymous> (node:internal/main/worker_thread:192:26)
    at [nodejs.internal.kHybridDispatch] (node:internal/event_target:831:20)
    at MessagePort.<anonymous> (node:internal/per_context/messageport:23:28) {
  code: 'MODULE_NOT_FOUND',
  requireStack: []
}
Error: the worker thread exited
    at Worker.onWorkerExit (webpack-internal:///(rsc)/./node_modules/thread-stream/index.js:201:32)
    at Worker.emit (node:events:524:28)
    at [kOnExit] (node:internal/worker:322:10)
    at Worker.<computed>.onexit (node:internal/worker:230:20)
    at Worker.callbackTrampoline (node:internal/async_hooks:130:17)
 ⨯ uncaughtException: Error: the worker thread exited
    at Worker.onWorkerExit (webpack-internal:///(rsc)/./node_modules/thread-stream/index.js:201:32)
    at Worker.emit (node:events:524:28)
    at [kOnExit] (node:internal/worker:322:10)
    at Worker.<computed>.onexit (node:internal/worker:230:20)
    at Worker.callbackTrampoline (node:internal/async_hooks:130:17)
 ⨯ uncaughtException: Error: the worker thread exited
    at Worker.onWorkerExit (webpack-internal:///(rsc)/./node_modules/thread-stream/index.js:201:32)
    at Worker.emit (node:events:524:28)
    at [kOnExit] (node:internal/worker:322:10)
    at Worker.<computed>.onexit (node:internal/worker:230:20)
    at Worker.callbackTrampoline (node:internal/async_hooks:130:17)
 ⚠ ./node_modules/@prisma/instrumentation/node_modules/@opentelemetry/instrumentation/build/esm/platform/node/instrumentation.js
Critical dependency: the request of a dependency is an expression

Import trace for requested module:
./node_modules/@prisma/instrumentation/node_modules/@opentelemetry/instrumentation/build/esm/platform/node/instrumentation.js
./node_modules/@prisma/instrumentation/node_modules/@opentelemetry/instrumentation/build/esm/platform/node/index.js
./node_modules/@prisma/instrumentation/node_modules/@opentelemetry/instrumentation/build/esm/platform/index.js
./node_modules/@prisma/instrumentation/node_modules/@opentelemetry/instrumentation/build/esm/index.js
./node_modules/@prisma/instrumentation/dist/index.js
./node_modules/@sentry/node/build/cjs/integrations/tracing/prisma.js
./node_modules/@sentry/node/build/cjs/index.js
./node_modules/@sentry/nextjs/build/cjs/index.server.js
./src/lib/logger.ts
./src/lib/prisma.ts
./src/app/api/health/route.ts

./node_modules/require-in-the-middle/index.js
Critical dependency: require function is used in a way in which dependencies cannot be statically extracted

Import trace for requested module:
./node_modules/require-in-the-middle/index.js
./node_modules/@opentelemetry/instrumentation/build/esm/platform/node/instrumentation.js
./node_modules/@opentelemetry/instrumentation/build/esm/platform/node/index.js
./node_modules/@opentelemetry/instrumentation/build/esm/platform/index.js
./node_modules/@opentelemetry/instrumentation/build/esm/index.js
./node_modules/@sentry/node/build/cjs/integrations/tracing/postgresjs.js
./node_modules/@sentry/node/build/cjs/index.js
./node_modules/@sentry/nextjs/build/cjs/index.server.js
./src/lib/logger.ts
./src/lib/prisma.ts
./src/app/api/health/route.ts
 ⚠ ./node_modules/@prisma/instrumentation/node_modules/@opentelemetry/instrumentation/build/esm/platform/node/instrumentation.js
Critical dependency: the request of a dependency is an expression

Import trace for requested module:
./node_modules/@prisma/instrumentation/node_modules/@opentelemetry/instrumentation/build/esm/platform/node/instrumentation.js
./node_modules/@prisma/instrumentation/node_modules/@opentelemetry/instrumentation/build/esm/platform/node/index.js
./node_modules/@prisma/instrumentation/node_modules/@opentelemetry/instrumentation/build/esm/platform/index.js
./node_modules/@prisma/instrumentation/node_modules/@opentelemetry/instrumentation/build/esm/index.js
./node_modules/@prisma/instrumentation/dist/index.js
./node_modules/@sentry/node/build/cjs/integrations/tracing/prisma.js
./node_modules/@sentry/node/build/cjs/index.js
./node_modules/@sentry/nextjs/build/cjs/index.server.js
./src/lib/logger.ts
./src/app/api/csrf/route.ts

./node_modules/require-in-the-middle/index.js
Critical dependency: require function is used in a way in which dependencies cannot be statically extracted

Import trace for requested module:
./node_modules/require-in-the-middle/index.js
./node_modules/@opentelemetry/instrumentation/build/esm/platform/node/instrumentation.js
./node_modules/@opentelemetry/instrumentation/build/esm/platform/node/index.js
./node_modules/@opentelemetry/instrumentation/build/esm/platform/index.js
./node_modules/@opentelemetry/instrumentation/build/esm/index.js
./node_modules/@sentry/node/build/cjs/integrations/tracing/postgresjs.js
./node_modules/@sentry/node/build/cjs/index.js
./node_modules/@sentry/nextjs/build/cjs/index.server.js
./src/lib/logger.ts
./src/app/api/csrf/route.ts
Error: Cannot find module 'D:\my-saas-chat\.next\server\vendor-chunks\lib\worker.js'
    at Module._resolveFilename (node:internal/modules/cjs/loader:1207:15)
    at Module._load (node:internal/modules/cjs/loader:1038:27)
    at Function.executeUserEntryPoint [as runMain] (node:internal/modules/run_main:164:12)
    at MessagePort.<anonymous> (node:internal/main/worker_thread:192:26)
    at [nodejs.internal.kHybridDispatch] (node:internal/event_target:831:20)
    at MessagePort.<anonymous> (node:internal/per_context/messageport:23:28) {
  code: 'MODULE_NOT_FOUND',
  requireStack: []
}
 ⨯ uncaughtException: Error: Cannot find module 'D:\my-saas-chat\.next\server\vendor-chunks\lib\worker.js'
    at Module._resolveFilename (node:internal/modules/cjs/loader:1207:15)
    at Module._load (node:internal/modules/cjs/loader:1038:27)
    at Function.executeUserEntryPoint [as runMain] (node:internal/modules/run_main:164:12)
    at MessagePort.<anonymous> (node:internal/main/worker_thread:192:26)
    at [nodejs.internal.kHybridDispatch] (node:internal/event_target:831:20)
    at MessagePort.<anonymous> (node:internal/per_context/messageport:23:28) {
  code: 'MODULE_NOT_FOUND',
  requireStack: []
}
 ⨯ uncaughtException: Error: Cannot find module 'D:\my-saas-chat\.next\server\vendor-chunks\lib\worker.js'
    at Module._resolveFilename (node:internal/modules/cjs/loader:1207:15)
    at Module._load (node:internal/modules/cjs/loader:1038:27)
    at Function.executeUserEntryPoint [as runMain] (node:internal/modules/run_main:164:12)
    at MessagePort.<anonymous> (node:internal/main/worker_thread:192:26)
    at [nodejs.internal.kHybridDispatch] (node:internal/event_target:831:20)
    at MessagePort.<anonymous> (node:internal/per_context/messageport:23:28) {
  code: 'MODULE_NOT_FOUND',
  requireStack: []
}
Error: the worker thread exited
    at Worker.onWorkerExit (webpack-internal:///(rsc)/./node_modules/thread-stream/index.js:201:32)
    at Worker.emit (node:events:524:28)
    at [kOnExit] (node:internal/worker:322:10)
    at Worker.<computed>.onexit (node:internal/worker:230:20)
    at Worker.callbackTrampoline (node:internal/async_hooks:130:17)
 ⨯ uncaughtException: Error: the worker thread exited
    at Worker.onWorkerExit (webpack-internal:///(rsc)/./node_modules/thread-stream/index.js:201:32)
    at Worker.emit (node:events:524:28)
    at [kOnExit] (node:internal/worker:322:10)
    at Worker.<computed>.onexit (node:internal/worker:230:20)
    at Worker.callbackTrampoline (node:internal/async_hooks:130:17)
 ⨯ uncaughtException: Error: the worker thread exited
    at Worker.onWorkerExit (webpack-internal:///(rsc)/./node_modules/thread-stream/index.js:201:32)
    at Worker.emit (node:events:524:28)
    at [kOnExit] (node:internal/worker:322:10)
    at Worker.<computed>.onexit (node:internal/worker:230:20)
    at Worker.callbackTrampoline (node:internal/async_hooks:130:17)
 ⚠ ./node_modules/@prisma/instrumentation/node_modules/@opentelemetry/instrumentation/build/esm/platform/node/instrumentation.js
Critical dependency: the request of a dependency is an expression

Import trace for requested module:
./node_modules/@prisma/instrumentation/node_modules/@opentelemetry/instrumentation/build/esm/platform/node/instrumentation.js
./node_modules/@prisma/instrumentation/node_modules/@opentelemetry/instrumentation/build/esm/platform/node/index.js
./node_modules/@prisma/instrumentation/node_modules/@opentelemetry/instrumentation/build/esm/platform/index.js
./node_modules/@prisma/instrumentation/node_modules/@opentelemetry/instrumentation/build/esm/index.js
./node_modules/@prisma/instrumentation/dist/index.js
./node_modules/@sentry/node/build/cjs/integrations/tracing/prisma.js
./node_modules/@sentry/node/build/cjs/index.js
./node_modules/@sentry/nextjs/build/cjs/index.server.js
./src/lib/logger.ts
./src/app/api/csrf/route.ts

./node_modules/require-in-the-middle/index.js
Critical dependency: require function is used in a way in which dependencies cannot be statically extracted

Import trace for requested module:
./node_modules/require-in-the-middle/index.js
./node_modules/@opentelemetry/instrumentation/build/esm/platform/node/instrumentation.js
./node_modules/@opentelemetry/instrumentation/build/esm/platform/node/index.js
./node_modules/@opentelemetry/instrumentation/build/esm/platform/index.js
./node_modules/@opentelemetry/instrumentation/build/esm/index.js
./node_modules/@sentry/node/build/cjs/integrations/tracing/postgresjs.js
./node_modules/@sentry/node/build/cjs/index.js
./node_modules/@sentry/nextjs/build/cjs/index.server.js
./src/lib/logger.ts
./src/app/api/csrf/route.ts
 ⚠ ./node_modules/@prisma/instrumentation/node_modules/@opentelemetry/instrumentation/build/esm/platform/node/instrumentation.js
Critical dependency: the request of a dependency is an expression

Import trace for requested module:
./node_modules/@prisma/instrumentation/node_modules/@opentelemetry/instrumentation/build/esm/platform/node/instrumentation.js
./node_modules/@prisma/instrumentation/node_modules/@opentelemetry/instrumentation/build/esm/platform/node/index.js
./node_modules/@prisma/instrumentation/node_modules/@opentelemetry/instrumentation/build/esm/platform/index.js
./node_modules/@prisma/instrumentation/node_modules/@opentelemetry/instrumentation/build/esm/index.js
./node_modules/@prisma/instrumentation/dist/index.js
./node_modules/@sentry/node/build/cjs/integrations/tracing/prisma.js
./node_modules/@sentry/node/build/cjs/index.js
./node_modules/@sentry/nextjs/build/cjs/index.server.js
./src/lib/logger.ts
./src/app/api/csrf/route.ts

./node_modules/require-in-the-middle/index.js
Critical dependency: require function is used in a way in which dependencies cannot be statically extracted

Import trace for requested module:
./node_modules/require-in-the-middle/index.js
./node_modules/@opentelemetry/instrumentation/build/esm/platform/node/instrumentation.js
./node_modules/@opentelemetry/instrumentation/build/esm/platform/node/index.js
./node_modules/@opentelemetry/instrumentation/build/esm/platform/index.js
./node_modules/@opentelemetry/instrumentation/build/esm/index.js
./node_modules/@sentry/node/build/cjs/integrations/tracing/postgresjs.js
./node_modules/@sentry/node/build/cjs/index.js
./node_modules/@sentry/nextjs/build/cjs/index.server.js
./src/lib/logger.ts
./src/app/api/csrf/route.ts
[GET /api/conversations] Error: Error: UNAUTHENTICATED
    at requireUserId (webpack-internal:///(rsc)/./src/lib/auth/session.ts:107:15)
    at async GET (webpack-internal:///(rsc)/./src/app/api/conversations/route.ts:121:24)
    at async D:\my-saas-chat\node_modules\next\dist\compiled\next-server\app-route.runtime.dev.js:6:55831
    at async eO.execute (D:\my-saas-chat\node_modules\next\dist\compiled\next-server\app-route.runtime.dev.js:6:46527)
    at async eO.handle (D:\my-saas-chat\node_modules\next\dist\compiled\next-server\app-route.runtime.dev.js:6:57165)
    at async doRender (D:\my-saas-chat\node_modules\next\dist\server\base-server.js:1353:42)
    at async cacheEntry.responseCache.get.routeKind (D:\my-saas-chat\node_modules\next\dist\server\base-server.js:1575:28)
    at async DevServer.renderToResponseWithComponentsImpl (D:\my-saas-chat\node_modules\next\dist\server\base-server.js:1483:28)
    at async DevServer.renderPageComponent (D:\my-saas-chat\node_modules\next\dist\server\base-server.js:1911:24)
    at async DevServer.renderToResponseImpl (D:\my-saas-chat\node_modules\next\dist\server\base-server.js:1949:32)
    at async DevServer.pipeImpl (D:\my-saas-chat\node_modules\next\dist\server\base-server.js:921:25)
    at async NextNodeServer.handleCatchallRenderRequest (D:\my-saas-chat\node_modules\next\dist\server\next-server.js:272:17)
    at async DevServer.handleRequestImpl (D:\my-saas-chat\node_modules\next\dist\server\base-server.js:817:17)
    at async D:\my-saas-chat\node_modules\next\dist\server\dev\next-dev-server.js:339:20
    at async Span.traceAsyncFn (D:\my-saas-chat\node_modules\next\dist\trace\trace.js:154:20)
    at async DevServer.handleRequest (D:\my-saas-chat\node_modules\next\dist\server\dev\next-dev-server.js:336:24)
    at async invokeRender (D:\my-saas-chat\node_modules\next\dist\server\lib\router-server.js:173:21)
    at async handleRequest (D:\my-saas-chat\node_modules\next\dist\server\lib\router-server.js:350:24)
    at async requestHandlerImpl (D:\my-saas-chat\node_modules\next\dist\server\lib\router-server.js:374:13)
    at async Server.requestListener (D:\my-saas-chat\node_modules\next\dist\server\lib\start-server.js:141:13)
 ⚠ ./node_modules/@prisma/instrumentation/node_modules/@opentelemetry/instrumentation/build/esm/platform/node/instrumentation.js
Critical dependency: the request of a dependency is an expression

Import trace for requested module:
./node_modules/@prisma/instrumentation/node_modules/@opentelemetry/instrumentation/build/esm/platform/node/instrumentation.js
./node_modules/@prisma/instrumentation/node_modules/@opentelemetry/instrumentation/build/esm/platform/node/index.js
./node_modules/@prisma/instrumentation/node_modules/@opentelemetry/instrumentation/build/esm/platform/index.js
./node_modules/@prisma/instrumentation/node_modules/@opentelemetry/instrumentation/build/esm/index.js
./node_modules/@prisma/instrumentation/dist/index.js
./node_modules/@sentry/node/build/cjs/integrations/tracing/prisma.js
./node_modules/@sentry/node/build/cjs/index.js
./node_modules/@sentry/nextjs/build/cjs/index.server.js
./src/lib/logger.ts
./src/app/api/csrf/route.ts

./node_modules/require-in-the-middle/index.js
Critical dependency: require function is used in a way in which dependencies cannot be statically extracted

Import trace for requested module:
./node_modules/require-in-the-middle/index.js
./node_modules/@opentelemetry/instrumentation/build/esm/platform/node/instrumentation.js
./node_modules/@opentelemetry/instrumentation/build/esm/platform/node/index.js
./node_modules/@opentelemetry/instrumentation/build/esm/platform/index.js
./node_modules/@opentelemetry/instrumentation/build/esm/index.js
./node_modules/@sentry/node/build/cjs/integrations/tracing/postgresjs.js
./node_modules/@sentry/node/build/cjs/index.js
./node_modules/@sentry/nextjs/build/cjs/index.server.js
./src/lib/logger.ts
./src/app/api/csrf/route.ts
Error: Cannot find module 'D:\my-saas-chat\.next\server\vendor-chunks\lib\worker.js'
    at Module._resolveFilename (node:internal/modules/cjs/loader:1207:15)
    at Module._load (node:internal/modules/cjs/loader:1038:27)
    at Function.executeUserEntryPoint [as runMain] (node:internal/modules/run_main:164:12)
    at MessagePort.<anonymous> (node:internal/main/worker_thread:192:26)
    at [nodejs.internal.kHybridDispatch] (node:internal/event_target:831:20)
    at MessagePort.<anonymous> (node:internal/per_context/messageport:23:28) {
  code: 'MODULE_NOT_FOUND',
  requireStack: []
}
 ⨯ uncaughtException: Error: Cannot find module 'D:\my-saas-chat\.next\server\vendor-chunks\lib\worker.js'
    at Module._resolveFilename (node:internal/modules/cjs/loader:1207:15)
    at Module._load (node:internal/modules/cjs/loader:1038:27)
    at Function.executeUserEntryPoint [as runMain] (node:internal/modules/run_main:164:12)
    at MessagePort.<anonymous> (node:internal/main/worker_thread:192:26)
    at [nodejs.internal.kHybridDispatch] (node:internal/event_target:831:20)
    at MessagePort.<anonymous> (node:internal/per_context/messageport:23:28) {
  code: 'MODULE_NOT_FOUND',
  requireStack: []
}
 ⨯ uncaughtException: Error: Cannot find module 'D:\my-saas-chat\.next\server\vendor-chunks\lib\worker.js'
    at Module._resolveFilename (node:internal/modules/cjs/loader:1207:15)
    at Module._load (node:internal/modules/cjs/loader:1038:27)
    at Function.executeUserEntryPoint [as runMain] (node:internal/modules/run_main:164:12)
    at MessagePort.<anonymous> (node:internal/main/worker_thread:192:26)
    at [nodejs.internal.kHybridDispatch] (node:internal/event_target:831:20)
    at MessagePort.<anonymous> (node:internal/per_context/messageport:23:28) {
  code: 'MODULE_NOT_FOUND',
  requireStack: []
}
Error: the worker thread exited
    at Worker.onWorkerExit (webpack-internal:///(rsc)/./node_modules/thread-stream/index.js:201:32)
    at Worker.emit (node:events:524:28)
    at [kOnExit] (node:internal/worker:322:10)
    at Worker.<computed>.onexit (node:internal/worker:230:20)
    at Worker.callbackTrampoline (node:internal/async_hooks:130:17)
 ⨯ uncaughtException: Error: the worker thread exited
    at Worker.onWorkerExit (webpack-internal:///(rsc)/./node_modules/thread-stream/index.js:201:32)
    at Worker.emit (node:events:524:28)
    at [kOnExit] (node:internal/worker:322:10)
    at Worker.<computed>.onexit (node:internal/worker:230:20)
    at Worker.callbackTrampoline (node:internal/async_hooks:130:17)
 ⨯ uncaughtException: Error: the worker thread exited
    at Worker.onWorkerExit (webpack-internal:///(rsc)/./node_modules/thread-stream/index.js:201:32)
    at Worker.emit (node:events:524:28)
    at [kOnExit] (node:internal/worker:322:10)
    at Worker.<computed>.onexit (node:internal/worker:230:20)
    at Worker.callbackTrampoline (node:internal/async_hooks:130:17)
 ⚠ ./node_modules/@prisma/instrumentation/node_modules/@opentelemetry/instrumentation/build/esm/platform/node/instrumentation.js
Critical dependency: the request of a dependency is an expression

Import trace for requested module:
./node_modules/@prisma/instrumentation/node_modules/@opentelemetry/instrumentation/build/esm/platform/node/instrumentation.js
./node_modules/@prisma/instrumentation/node_modules/@opentelemetry/instrumentation/build/esm/platform/node/index.js
./node_modules/@prisma/instrumentation/node_modules/@opentelemetry/instrumentation/build/esm/platform/index.js
./node_modules/@prisma/instrumentation/node_modules/@opentelemetry/instrumentation/build/esm/index.js
./node_modules/@prisma/instrumentation/dist/index.js
./node_modules/@sentry/node/build/cjs/integrations/tracing/prisma.js
./node_modules/@sentry/node/build/cjs/index.js
./node_modules/@sentry/nextjs/build/cjs/index.server.js
./src/lib/logger.ts
./src/app/api/csrf/route.ts

./node_modules/require-in-the-middle/index.js
Critical dependency: require function is used in a way in which dependencies cannot be statically extracted

Import trace for requested module:
./node_modules/require-in-the-middle/index.js
./node_modules/@opentelemetry/instrumentation/build/esm/platform/node/instrumentation.js
./node_modules/@opentelemetry/instrumentation/build/esm/platform/node/index.js
./node_modules/@opentelemetry/instrumentation/build/esm/platform/index.js
./node_modules/@opentelemetry/instrumentation/build/esm/index.js
./node_modules/@sentry/node/build/cjs/integrations/tracing/postgresjs.js
./node_modules/@sentry/node/build/cjs/index.js
./node_modules/@sentry/nextjs/build/cjs/index.server.js
./src/lib/logger.ts
./src/app/api/csrf/route.ts
[Usage Check] Error: Error: UNAUTHENTICATED
    at requireUserId (webpack-internal:///(rsc)/./src/lib/auth/session.ts:107:15)
    at async GET (webpack-internal:///(rsc)/./src/app/api/usage/check/route.ts:50:24)
    at async D:\my-saas-chat\node_modules\next\dist\compiled\next-server\app-route.runtime.dev.js:6:55831
    at async eO.execute (D:\my-saas-chat\node_modules\next\dist\compiled\next-server\app-route.runtime.dev.js:6:46527)
    at async eO.handle (D:\my-saas-chat\node_modules\next\dist\compiled\next-server\app-route.runtime.dev.js:6:57165)
    at async doRender (D:\my-saas-chat\node_modules\next\dist\server\base-server.js:1353:42)
    at async cacheEntry.responseCache.get.routeKind (D:\my-saas-chat\node_modules\next\dist\server\base-server.js:1575:28)
    at async DevServer.renderToResponseWithComponentsImpl (D:\my-saas-chat\node_modules\next\dist\server\base-server.js:1483:28)
    at async DevServer.renderPageComponent (D:\my-saas-chat\node_modules\next\dist\server\base-server.js:1911:24)
    at async DevServer.renderToResponseImpl (D:\my-saas-chat\node_modules\next\dist\server\base-server.js:1949:32)
    at async DevServer.pipeImpl (D:\my-saas-chat\node_modules\next\dist\server\base-server.js:921:25)
    at async NextNodeServer.handleCatchallRenderRequest (D:\my-saas-chat\node_modules\next\dist\server\next-server.js:272:17)
    at async DevServer.handleRequestImpl (D:\my-saas-chat\node_modules\next\dist\server\base-server.js:817:17)
    at async D:\my-saas-chat\node_modules\next\dist\server\dev\next-dev-server.js:339:20
    at async Span.traceAsyncFn (D:\my-saas-chat\node_modules\next\dist\trace\trace.js:154:20)
    at async DevServer.handleRequest (D:\my-saas-chat\node_modules\next\dist\server\dev\next-dev-server.js:336:24)
    at async invokeRender (D:\my-saas-chat\node_modules\next\dist\server\lib\router-server.js:173:21)
    at async handleRequest (D:\my-saas-chat\node_modules\next\dist\server\lib\router-server.js:350:24)
    at async requestHandlerImpl (D:\my-saas-chat\node_modules\next\dist\server\lib\router-server.js:374:13)
    at async Server.requestListener (D:\my-saas-chat\node_modules\next\dist\server\lib\start-server.js:141:13)
Error: Cannot find module 'D:\my-saas-chat\.next\server\vendor-chunks\lib\worker.js'
    at Module._resolveFilename (node:internal/modules/cjs/loader:1207:15)
    at Module._load (node:internal/modules/cjs/loader:1038:27)
    at Function.executeUserEntryPoint [as runMain] (node:internal/modules/run_main:164:12)
    at MessagePort.<anonymous> (node:internal/main/worker_thread:192:26)
    at [nodejs.internal.kHybridDispatch] (node:internal/event_target:831:20)
    at MessagePort.<anonymous> (node:internal/per_context/messageport:23:28) {
  code: 'MODULE_NOT_FOUND',
  requireStack: []
}
 ⨯ uncaughtException: Error: Cannot find module 'D:\my-saas-chat\.next\server\vendor-chunks\lib\worker.js'
    at Module._resolveFilename (node:internal/modules/cjs/loader:1207:15)
    at Module._load (node:internal/modules/cjs/loader:1038:27)
    at Function.executeUserEntryPoint [as runMain] (node:internal/modules/run_main:164:12)
    at MessagePort.<anonymous> (node:internal/main/worker_thread:192:26)
    at [nodejs.internal.kHybridDispatch] (node:internal/event_target:831:20)
    at MessagePort.<anonymous> (node:internal/per_context/messageport:23:28) {
  code: 'MODULE_NOT_FOUND',
  requireStack: []
}
 ⨯ uncaughtException: Error: Cannot find module 'D:\my-saas-chat\.next\server\vendor-chunks\lib\worker.js'
    at Module._resolveFilename (node:internal/modules/cjs/loader:1207:15)
    at Module._load (node:internal/modules/cjs/loader:1038:27)
    at Function.executeUserEntryPoint [as runMain] (node:internal/modules/run_main:164:12)
    at MessagePort.<anonymous> (node:internal/main/worker_thread:192:26)
    at [nodejs.internal.kHybridDispatch] (node:internal/event_target:831:20)
    at MessagePort.<anonymous> (node:internal/per_context/messageport:23:28) {
  code: 'MODULE_NOT_FOUND',
  requireStack: []
}
Error: the worker thread exited
    at Worker.onWorkerExit (webpack-internal:///(rsc)/./node_modules/thread-stream/index.js:201:32)
    at Worker.emit (node:events:524:28)
    at [kOnExit] (node:internal/worker:322:10)
    at Worker.<computed>.onexit (node:internal/worker:230:20)
    at Worker.callbackTrampoline (node:internal/async_hooks:130:17)
 ⨯ uncaughtException: Error: the worker thread exited
    at Worker.onWorkerExit (webpack-internal:///(rsc)/./node_modules/thread-stream/index.js:201:32)
    at Worker.emit (node:events:524:28)
    at [kOnExit] (node:internal/worker:322:10)
    at Worker.<computed>.onexit (node:internal/worker:230:20)
    at Worker.callbackTrampoline (node:internal/async_hooks:130:17)
 ⨯ uncaughtException: Error: the worker thread exited
    at Worker.onWorkerExit (webpack-internal:///(rsc)/./node_modules/thread-stream/index.js:201:32)
    at Worker.emit (node:events:524:28)
    at [kOnExit] (node:internal/worker:322:10)
    at Worker.<computed>.onexit (node:internal/worker:230:20)
    at Worker.callbackTrampoline (node:internal/async_hooks:130:17)
^C