{"D:\\my-saas-chat\\services\\auth-service\\src\\app.ts": {"path":"D:\\my-saas-chat\\services\\auth-service\\src\\app.ts","statementMap":{"0":{"start":{"line":1,"column":0},"end":{"line":1,"column":30}},"1":{"start":{"line":2,"column":0},"end":{"line":2,"column":24}},"2":{"start":{"line":3,"column":0},"end":{"line":3,"column":28}},"3":{"start":{"line":4,"column":0},"end":{"line":4,"column":41}},"4":{"start":{"line":5,"column":0},"end":{"line":5,"column":24}},"5":{"start":{"line":6,"column":0},"end":{"line":6,"column":33}},"6":{"start":{"line":7,"column":0},"end":{"line":7,"column":62}},"7":{"start":{"line":8,"column":0},"end":{"line":8,"column":38}},"8":{"start":{"line":9,"column":0},"end":{"line":9,"column":46}},"9":{"start":{"line":10,"column":0},"end":{"line":10,"column":48}},"10":{"start":{"line":11,"column":0},"end":{"line":11,"column":60}},"11":{"start":{"line":12,"column":0},"end":{"line":12,"column":72}},"12":{"start":{"line":13,"column":0},"end":{"line":13,"column":null}},"13":{"start":{"line":19,"column":0},"end":{"line":19,"column":48}},"14":{"start":{"line":22,"column":0},"end":{"line":22,"column":44}},"15":{"start":{"line":24,"column":12},"end":{"line":24,"column":21}},"16":{"start":{"line":25,"column":15},"end":{"line":25,"column":58}},"17":{"start":{"line":28,"column":0},"end":{"line":28,"column":36}},"18":{"start":{"line":31,"column":15},"end":{"line":31,"column":48}},"19":{"start":{"line":34,"column":0},"end":{"line":34,"column":18}},"20":{"start":{"line":35,"column":0},"end":{"line":38,"column":4}},"21":{"start":{"line":39,"column":0},"end":{"line":39,"column":41}},"22":{"start":{"line":40,"column":0},"end":{"line":40,"column":48}},"23":{"start":{"line":41,"column":0},"end":{"line":41,"column":24}},"24":{"start":{"line":44,"column":0},"end":{"line":44,"column":32}},"25":{"start":{"line":45,"column":0},"end":{"line":45,"column":32}},"26":{"start":{"line":47,"column":0},"end":{"line":47,"column":30}},"27":{"start":{"line":50,"column":0},"end":{"line":50,"column":35}},"28":{"start":{"line":53,"column":0},"end":{"line":53,"column":18}},"29":{"start":{"line":56,"column":0},"end":{"line":56,"column":35}},"30":{"start":{"line":59,"column":0},"end":{"line":66,"column":3}},"31":{"start":{"line":60,"column":2},"end":{"line":65,"column":5}},"32":{"start":{"line":69,"column":0},"end":{"line":72,"column":3}},"33":{"start":{"line":70,"column":2},"end":{"line":70,"column":48}},"34":{"start":{"line":71,"column":2},"end":{"line":71,"column":36}},"35":{"start":{"line":75,"column":0},"end":{"line":75,"column":33}},"36":{"start":{"line":78,"column":0},"end":{"line":80,"column":1}},"37":{"start":{"line":79,"column":2},"end":{"line":79,"column":37}},"38":{"start":{"line":83,"column":0},"end":{"line":83,"column":30}},"39":{"start":{"line":86,"column":0},"end":{"line":94,"column":3}},"40":{"start":{"line":87,"column":2},"end":{"line":87,"column":20}},"41":{"start":{"line":88,"column":2},"end":{"line":93,"column":5}},"42":{"start":{"line":97,"column":0},"end":{"line":108,"column":1}},"43":{"start":{"line":98,"column":15},"end":{"line":98,"column":34}},"44":{"start":{"line":99,"column":2},"end":{"line":101,"column":5}},"45":{"start":{"line":100,"column":4},"end":{"line":100,"column":58}},"46":{"start":{"line":104,"column":2},"end":{"line":107,"column":5}},"47":{"start":{"line":105,"column":4},"end":{"line":105,"column":65}},"48":{"start":{"line":106,"column":4},"end":{"line":106,"column":20}},"49":{"start":{"line":110,"column":0},"end":{"line":110,"column":19}}},"fnMap":{"0":{"name":"(anonymous_1)","decl":{"start":{"line":59,"column":19},"end":{"line":59,"column":20}},"loc":{"start":{"line":59,"column":32},"end":{"line":66,"column":1}}},"1":{"name":"(anonymous_2)","decl":{"start":{"line":69,"column":20},"end":{"line":69,"column":25}},"loc":{"start":{"line":69,"column":39},"end":{"line":72,"column":1}}},"2":{"name":"(anonymous_3)","decl":{"start":{"line":86,"column":8},"end":{"line":86,"column":9}},"loc":{"start":{"line":86,"column":94},"end":{"line":94,"column":1}}},"3":{"name":"(anonymous_4)","decl":{"start":{"line":99,"column":19},"end":{"line":99,"column":22}},"loc":{"start":{"line":99,"column":24},"end":{"line":101,"column":3}}},"4":{"name":"(anonymous_5)","decl":{"start":{"line":104,"column":24},"end":{"line":104,"column":27}},"loc":{"start":{"line":104,"column":29},"end":{"line":107,"column":3}}}},"branchMap":{"0":{"loc":{"start":{"line":25,"column":29},"end":{"line":25,"column":55}},"type":"binary-expr","locations":[{"start":{"line":25,"column":29},"end":{"line":25,"column":45}},{"start":{"line":25,"column":49},"end":{"line":25,"column":55}}]},"1":{"loc":{"start":{"line":36,"column":10},"end":{"line":36,"column":61}},"type":"binary-expr","locations":[{"start":{"line":36,"column":10},"end":{"line":36,"column":34}},{"start":{"line":36,"column":38},"end":{"line":36,"column":61}}]},"2":{"loc":{"start":{"line":78,"column":0},"end":{"line":80,"column":1}},"type":"if","locations":[{"start":{"line":78,"column":0},"end":{"line":80,"column":1}}]},"3":{"loc":{"start":{"line":88,"column":13},"end":{"line":88,"column":30}},"type":"binary-expr","locations":[{"start":{"line":88,"column":13},"end":{"line":88,"column":23}},{"start":{"line":88,"column":27},"end":{"line":88,"column":30}}]},"4":{"loc":{"start":{"line":90,"column":15},"end":{"line":90,"column":53}},"type":"binary-expr","locations":[{"start":{"line":90,"column":15},"end":{"line":90,"column":26}},{"start":{"line":90,"column":30},"end":{"line":90,"column":53}}]},"5":{"loc":{"start":{"line":91,"column":10},"end":{"line":91,"column":72}},"type":"binary-expr","locations":[{"start":{"line":91,"column":10},"end":{"line":91,"column":48}},{"start":{"line":91,"column":52},"end":{"line":91,"column":72}}]},"6":{"loc":{"start":{"line":97,"column":0},"end":{"line":108,"column":1}},"type":"if","locations":[{"start":{"line":97,"column":0},"end":{"line":108,"column":1}}]},"7":{"loc":{"start":{"line":98,"column":15},"end":{"line":98,"column":34}},"type":"binary-expr","locations":[{"start":{"line":98,"column":15},"end":{"line":98,"column":26}},{"start":{"line":98,"column":30},"end":{"line":98,"column":34}}]}},"s":{"0":1,"1":1,"2":1,"3":1,"4":1,"5":1,"6":1,"7":1,"8":1,"9":1,"10":1,"11":1,"12":1,"13":1,"14":1,"15":1,"16":1,"17":1,"18":1,"19":1,"20":1,"21":1,"22":1,"23":1,"24":1,"25":1,"26":1,"27":1,"28":1,"29":1,"30":1,"31":1,"32":1,"33":1,"34":1,"35":1,"36":1,"37":1,"38":1,"39":1,"40":0,"41":0,"42":1,"43":0,"44":0,"45":0,"46":0,"47":0,"48":0,"49":1},"f":{"0":1,"1":1,"2":0,"3":0,"4":0},"b":{"0":[1,0],"1":[1,0],"2":[1],"3":[0,0],"4":[0,0],"5":[0,0],"6":[0],"7":[0,0]}}
,"D:\\my-saas-chat\\services\\auth-service\\src\\config\\env.ts": {"path":"D:\\my-saas-chat\\services\\auth-service\\src\\config\\env.ts","statementMap":{"0":{"start":{"line":1,"column":0},"end":{"line":1,"column":24}},"1":{"start":{"line":2,"column":0},"end":{"line":2,"column":28}},"2":{"start":{"line":4,"column":0},"end":{"line":4,"column":16}},"3":{"start":{"line":6,"column":18},"end":{"line":15,"column":2}},"4":{"start":{"line":17,"column":13},"end":{"line":17,"column":51}}},"fnMap":{},"branchMap":{},"s":{"0":1,"1":1,"2":1,"3":1,"4":1},"f":{},"b":{}}
,"D:\\my-saas-chat\\services\\auth-service\\src\\config\\sentry.ts": {"path":"D:\\my-saas-chat\\services\\auth-service\\src\\config\\sentry.ts","statementMap":{"0":{"start":{"line":24,"column":0},"end":{"line":24,"column":16}},"1":{"start":{"line":91,"column":0},"end":{"line":91,"column":16}},"2":{"start":{"line":100,"column":0},"end":{"line":100,"column":16}},"3":{"start":{"line":109,"column":0},"end":{"line":109,"column":16}},"4":{"start":{"line":130,"column":0},"end":{"line":130,"column":16}},"5":{"start":{"line":140,"column":0},"end":{"line":140,"column":16}},"6":{"start":{"line":147,"column":0},"end":{"line":147,"column":16}},"7":{"start":{"line":154,"column":0},"end":{"line":154,"column":16}},"8":{"start":{"line":161,"column":0},"end":{"line":161,"column":16}},"9":{"start":{"line":168,"column":0},"end":{"line":168,"column":7}},"10":{"start":{"line":8,"column":0},"end":{"line":8,"column":39}},"11":{"start":{"line":173,"column":9},"end":{"line":173,"column":15}},"12":{"start":{"line":9,"column":0},"end":{"line":9,"column":66}},"13":{"start":{"line":32,"column":6},"end":{"line":32,"column":12}},"14":{"start":{"line":34,"column":2},"end":{"line":38,"column":3}},"15":{"start":{"line":35,"column":4},"end":{"line":35,"column":78}},"16":{"start":{"line":36,"column":4},"end":{"line":36,"column":57}},"17":{"start":{"line":37,"column":4},"end":{"line":37,"column":11}},"18":{"start":{"line":40,"column":2},"end":{"line":80,"column":5}},"19":{"start":{"line":62,"column":6},"end":{"line":64,"column":7}},"20":{"start":{"line":63,"column":8},"end":{"line":63,"column":20}},"21":{"start":{"line":67,"column":6},"end":{"line":69,"column":7}},"22":{"start":{"line":68,"column":8},"end":{"line":68,"column":85}},"23":{"start":{"line":71,"column":6},"end":{"line":71,"column":19}},"24":{"start":{"line":82,"column":2},"end":{"line":82,"column":57}},"25":{"start":{"line":83,"column":2},"end":{"line":83,"column":48}},"26":{"start":{"line":84,"column":2},"end":{"line":84,"column":67}},"27":{"start":{"line":93,"column":2},"end":{"line":93,"column":69}},"28":{"start":{"line":93,"column":62},"end":{"line":93,"column":68}},"29":{"start":{"line":102,"column":2},"end":{"line":102,"column":69}},"30":{"start":{"line":102,"column":62},"end":{"line":102,"column":68}},"31":{"start":{"line":111,"column":2},"end":{"line":124,"column":4}},"32":{"start":{"line":113,"column":4},"end":{"line":121,"column":7}},"33":{"start":{"line":123,"column":4},"end":{"line":123,"column":14}},"34":{"start":{"line":131,"column":2},"end":{"line":133,"column":3}},"35":{"start":{"line":132,"column":4},"end":{"line":132,"column":45}},"36":{"start":{"line":134,"column":2},"end":{"line":134,"column":33}},"37":{"start":{"line":141,"column":2},"end":{"line":141,"column":40}},"38":{"start":{"line":148,"column":2},"end":{"line":148,"column":23}},"39":{"start":{"line":155,"column":2},"end":{"line":155,"column":23}},"40":{"start":{"line":162,"column":2},"end":{"line":162,"column":35}},"41":{"start":{"line":169,"column":2},"end":{"line":169,"column":30}},"42":{"start":{"line":170,"column":2},"end":{"line":170,"column":44}}},"fnMap":{"0":{"name":"initSentry","decl":{"start":{"line":24,"column":16},"end":{"line":24,"column":26}},"loc":{"start":{"line":24,"column":47},"end":{"line":85,"column":1}}},"1":{"name":"(anonymous_10)","decl":{"start":{"line":60,"column":4},"end":{"line":60,"column":14}},"loc":{"start":{"line":60,"column":26},"end":{"line":72,"column":5}}},"2":{"name":"sentryRequestHandler","decl":{"start":{"line":91,"column":16},"end":{"line":91,"column":36}},"loc":{"start":{"line":91,"column":36},"end":{"line":94,"column":1}}},"3":{"name":"(anonymous_12)","decl":{"start":{"line":93,"column":9},"end":{"line":93,"column":10}},"loc":{"start":{"line":93,"column":62},"end":{"line":93,"column":68}}},"4":{"name":"sentryTracingHandler","decl":{"start":{"line":100,"column":16},"end":{"line":100,"column":36}},"loc":{"start":{"line":100,"column":36},"end":{"line":103,"column":1}}},"5":{"name":"(anonymous_14)","decl":{"start":{"line":102,"column":9},"end":{"line":102,"column":10}},"loc":{"start":{"line":102,"column":62},"end":{"line":102,"column":68}}},"6":{"name":"sentryErrorHandler","decl":{"start":{"line":109,"column":16},"end":{"line":109,"column":34}},"loc":{"start":{"line":109,"column":34},"end":{"line":125,"column":1}}},"7":{"name":"(anonymous_16)","decl":{"start":{"line":111,"column":9},"end":{"line":111,"column":10}},"loc":{"start":{"line":111,"column":71},"end":{"line":124,"column":3}}},"8":{"name":"captureException","decl":{"start":{"line":130,"column":16},"end":{"line":130,"column":32}},"loc":{"start":{"line":130,"column":76},"end":{"line":135,"column":1}}},"9":{"name":"captureMessage","decl":{"start":{"line":140,"column":16},"end":{"line":140,"column":30}},"loc":{"start":{"line":140,"column":84},"end":{"line":142,"column":1}}},"10":{"name":"setUser","decl":{"start":{"line":147,"column":16},"end":{"line":147,"column":23}},"loc":{"start":{"line":147,"column":79},"end":{"line":149,"column":1}}},"11":{"name":"clearUser","decl":{"start":{"line":154,"column":16},"end":{"line":154,"column":25}},"loc":{"start":{"line":154,"column":25},"end":{"line":156,"column":1}}},"12":{"name":"addBreadcrumb","decl":{"start":{"line":161,"column":16},"end":{"line":161,"column":29}},"loc":{"start":{"line":161,"column":59},"end":{"line":163,"column":1}}},"13":{"name":"closeSentry","decl":{"start":{"line":168,"column":22},"end":{"line":168,"column":33}},"loc":{"start":{"line":168,"column":48},"end":{"line":171,"column":1}}}},"branchMap":{"0":{"loc":{"start":{"line":26,"column":4},"end":{"line":26,"column":32}},"type":"default-arg","locations":[{"start":{"line":26,"column":10},"end":{"line":26,"column":32}}]},"1":{"loc":{"start":{"line":27,"column":4},"end":{"line":27,"column":55}},"type":"default-arg","locations":[{"start":{"line":27,"column":18},"end":{"line":27,"column":55}}]},"2":{"loc":{"start":{"line":27,"column":18},"end":{"line":27,"column":55}},"type":"binary-expr","locations":[{"start":{"line":27,"column":18},"end":{"line":27,"column":38}},{"start":{"line":27,"column":42},"end":{"line":27,"column":55}}]},"3":{"loc":{"start":{"line":29,"column":4},"end":{"line":29,"column":19}},"type":"default-arg","locations":[{"start":{"line":29,"column":14},"end":{"line":29,"column":19}}]},"4":{"loc":{"start":{"line":30,"column":4},"end":{"line":30,"column":81}},"type":"default-arg","locations":[{"start":{"line":30,"column":23},"end":{"line":30,"column":81}}]},"5":{"loc":{"start":{"line":30,"column":34},"end":{"line":30,"column":80}},"type":"binary-expr","locations":[{"start":{"line":30,"column":34},"end":{"line":30,"column":71}},{"start":{"line":30,"column":75},"end":{"line":30,"column":80}}]},"6":{"loc":{"start":{"line":31,"column":4},"end":{"line":31,"column":85}},"type":"default-arg","locations":[{"start":{"line":31,"column":25},"end":{"line":31,"column":85}}]},"7":{"loc":{"start":{"line":31,"column":36},"end":{"line":31,"column":84}},"type":"binary-expr","locations":[{"start":{"line":31,"column":36},"end":{"line":31,"column":75}},{"start":{"line":31,"column":79},"end":{"line":31,"column":84}}]},"8":{"loc":{"start":{"line":34,"column":2},"end":{"line":38,"column":3}},"type":"if","locations":[{"start":{"line":34,"column":2},"end":{"line":38,"column":3}}]},"9":{"loc":{"start":{"line":34,"column":6},"end":{"line":34,"column":22}},"type":"binary-expr","locations":[{"start":{"line":34,"column":6},"end":{"line":34,"column":14}},{"start":{"line":34,"column":18},"end":{"line":34,"column":22}}]},"10":{"loc":{"start":{"line":57,"column":13},"end":{"line":57,"column":103}},"type":"binary-expr","locations":[{"start":{"line":57,"column":13},"end":{"line":57,"column":39}},{"start":{"line":57,"column":43},"end":{"line":57,"column":103}}]},"11":{"loc":{"start":{"line":57,"column":61},"end":{"line":57,"column":101}},"type":"binary-expr","locations":[{"start":{"line":57,"column":61},"end":{"line":57,"column":92}},{"start":{"line":57,"column":96},"end":{"line":57,"column":101}}]},"12":{"loc":{"start":{"line":62,"column":6},"end":{"line":64,"column":7}},"type":"if","locations":[{"start":{"line":62,"column":6},"end":{"line":64,"column":7}}]},"13":{"loc":{"start":{"line":67,"column":6},"end":{"line":69,"column":7}},"type":"if","locations":[{"start":{"line":67,"column":6},"end":{"line":69,"column":7}}]},"14":{"loc":{"start":{"line":68,"column":34},"end":{"line":68,"column":83}},"type":"binary-expr","locations":[{"start":{"line":68,"column":34},"end":{"line":68,"column":56}},{"start":{"line":68,"column":60},"end":{"line":68,"column":83}}]},"15":{"loc":{"start":{"line":131,"column":2},"end":{"line":133,"column":3}},"type":"if","locations":[{"start":{"line":131,"column":2},"end":{"line":133,"column":3}}]},"16":{"loc":{"start":{"line":140,"column":48},"end":{"line":140,"column":84}},"type":"default-arg","locations":[{"start":{"line":140,"column":78},"end":{"line":140,"column":84}}]},"17":{"loc":{"start":{"line":168,"column":34},"end":{"line":168,"column":48}},"type":"default-arg","locations":[{"start":{"line":168,"column":44},"end":{"line":168,"column":48}}]}},"s":{"0":1,"1":1,"2":1,"3":1,"4":1,"5":1,"6":1,"7":1,"8":1,"9":1,"10":1,"11":1,"12":1,"13":1,"14":1,"15":1,"16":1,"17":1,"18":0,"19":0,"20":0,"21":0,"22":0,"23":0,"24":0,"25":0,"26":0,"27":1,"28":2,"29":1,"30":2,"31":1,"32":0,"33":0,"34":0,"35":0,"36":0,"37":0,"38":0,"39":0,"40":0,"41":0,"42":0},"f":{"0":1,"1":0,"2":1,"3":2,"4":1,"5":2,"6":1,"7":0,"8":0,"9":0,"10":0,"11":0,"12":0,"13":0},"b":{"0":[1],"1":[1],"2":[1,0],"3":[1],"4":[1],"5":[1,1],"6":[1],"7":[1,1],"8":[1],"9":[1,0],"10":[0,0],"11":[0,0],"12":[0],"13":[0],"14":[0,0],"15":[0],"16":[0],"17":[0]}}
,"D:\\my-saas-chat\\services\\auth-service\\src\\config\\swagger.ts": {"path":"D:\\my-saas-chat\\services\\auth-service\\src\\config\\swagger.ts","statementMap":{"0":{"start":{"line":116,"column":0},"end":{"line":116,"column":16}},"1":{"start":{"line":6,"column":0},"end":{"line":6,"column":41}},"2":{"start":{"line":7,"column":0},"end":{"line":7,"column":43}},"3":{"start":{"line":10,"column":38},"end":{"line":109,"column":2}},"4":{"start":{"line":111,"column":20},"end":{"line":111,"column":41}},"5":{"start":{"line":137,"column":9},"end":{"line":137,"column":20}},"6":{"start":{"line":118,"column":2},"end":{"line":126,"column":4}},"7":{"start":{"line":129,"column":2},"end":{"line":132,"column":5}},"8":{"start":{"line":130,"column":4},"end":{"line":130,"column":54}},"9":{"start":{"line":131,"column":4},"end":{"line":131,"column":26}},"10":{"start":{"line":134,"column":2},"end":{"line":134,"column":64}}},"fnMap":{"0":{"name":"setupSwagger","decl":{"start":{"line":116,"column":16},"end":{"line":116,"column":28}},"loc":{"start":{"line":116,"column":41},"end":{"line":135,"column":1}}},"1":{"name":"(anonymous_2)","decl":{"start":{"line":129,"column":28},"end":{"line":129,"column":29}},"loc":{"start":{"line":129,"column":41},"end":{"line":132,"column":3}}}},"branchMap":{},"s":{"0":1,"1":1,"2":1,"3":1,"4":1,"5":1,"6":1,"7":1,"8":0,"9":0,"10":1},"f":{"0":1,"1":0},"b":{}}
,"D:\\my-saas-chat\\services\\auth-service\\src\\controllers\\auth.controller.ts": {"path":"D:\\my-saas-chat\\services\\auth-service\\src\\controllers\\auth.controller.ts","statementMap":{"0":{"start":{"line":2,"column":0},"end":{"line":2,"column":55}},"1":{"start":{"line":10,"column":4},"end":{"line":49,"column":5}},"2":{"start":{"line":11,"column":34},"end":{"line":11,"column":42}},"3":{"start":{"line":13,"column":21},"end":{"line":13,"column":62}},"4":{"start":{"line":15,"column":6},"end":{"line":37,"column":7}},"5":{"start":{"line":16,"column":8},"end":{"line":21,"column":11}},"6":{"start":{"line":24,"column":8},"end":{"line":30,"column":11}},"7":{"start":{"line":32,"column":8},"end":{"line":36,"column":11}},"8":{"start":{"line":39,"column":6},"end":{"line":39,"column":46}},"9":{"start":{"line":42,"column":6},"end":{"line":48,"column":7}},"10":{"start":{"line":43,"column":8},"end":{"line":43,"column":55}},"11":{"start":{"line":44,"column":13},"end":{"line":48,"column":7}},"12":{"start":{"line":45,"column":8},"end":{"line":45,"column":55}},"13":{"start":{"line":47,"column":8},"end":{"line":47,"column":69}},"14":{"start":{"line":57,"column":4},"end":{"line":102,"column":5}},"15":{"start":{"line":58,"column":34},"end":{"line":58,"column":42}},"16":{"start":{"line":60,"column":21},"end":{"line":60,"column":62}},"17":{"start":{"line":62,"column":6},"end":{"line":73,"column":7}},"18":{"start":{"line":63,"column":8},"end":{"line":69,"column":9}},"19":{"start":{"line":64,"column":10},"end":{"line":67,"column":13}},"20":{"start":{"line":68,"column":10},"end":{"line":68,"column":17}},"21":{"start":{"line":71,"column":8},"end":{"line":71,"column":56}},"22":{"start":{"line":72,"column":8},"end":{"line":72,"column":15}},"23":{"start":{"line":76,"column":6},"end":{"line":82,"column":9}},"24":{"start":{"line":84,"column":6},"end":{"line":88,"column":9}},"25":{"start":{"line":90,"column":6},"end":{"line":90,"column":46}},"26":{"start":{"line":93,"column":6},"end":{"line":101,"column":7}},"27":{"start":{"line":94,"column":8},"end":{"line":94,"column":55}},"28":{"start":{"line":95,"column":13},"end":{"line":101,"column":7}},"29":{"start":{"line":96,"column":8},"end":{"line":96,"column":55}},"30":{"start":{"line":97,"column":13},"end":{"line":101,"column":7}},"31":{"start":{"line":98,"column":8},"end":{"line":98,"column":55}},"32":{"start":{"line":100,"column":8},"end":{"line":100,"column":71}},"33":{"start":{"line":110,"column":4},"end":{"line":115,"column":7}},"34":{"start":{"line":117,"column":4},"end":{"line":120,"column":7}},"35":{"start":{"line":128,"column":4},"end":{"line":153,"column":5}},"36":{"start":{"line":129,"column":27},"end":{"line":129,"column":46}},"37":{"start":{"line":131,"column":6},"end":{"line":134,"column":7}},"38":{"start":{"line":132,"column":8},"end":{"line":132,"column":58}},"39":{"start":{"line":133,"column":8},"end":{"line":133,"column":15}},"40":{"start":{"line":136,"column":22},"end":{"line":136,"column":66}},"41":{"start":{"line":138,"column":6},"end":{"line":141,"column":7}},"42":{"start":{"line":139,"column":8},"end":{"line":139,"column":80}},"43":{"start":{"line":140,"column":8},"end":{"line":140,"column":15}},"44":{"start":{"line":143,"column":6},"end":{"line":149,"column":9}},"45":{"start":{"line":151,"column":6},"end":{"line":151,"column":42}},"46":{"start":{"line":152,"column":6},"end":{"line":152,"column":55}},"47":{"start":{"line":161,"column":4},"end":{"line":183,"column":5}},"48":{"start":{"line":162,"column":24},"end":{"line":162,"column":32}},"49":{"start":{"line":164,"column":6},"end":{"line":167,"column":7}},"50":{"start":{"line":165,"column":8},"end":{"line":165,"column":61}},"51":{"start":{"line":166,"column":8},"end":{"line":166,"column":15}},"52":{"start":{"line":169,"column":21},"end":{"line":169,"column":57}},"53":{"start":{"line":171,"column":6},"end":{"line":174,"column":9}},"54":{"start":{"line":176,"column":6},"end":{"line":176,"column":52}},"55":{"start":{"line":178,"column":6},"end":{"line":182,"column":7}},"56":{"start":{"line":179,"column":8},"end":{"line":179,"column":55}},"57":{"start":{"line":181,"column":8},"end":{"line":181,"column":76}},"58":{"start":{"line":191,"column":4},"end":{"line":208,"column":5}},"59":{"start":{"line":192,"column":24},"end":{"line":192,"column":32}},"60":{"start":{"line":194,"column":6},"end":{"line":197,"column":7}},"61":{"start":{"line":195,"column":8},"end":{"line":195,"column":61}},"62":{"start":{"line":196,"column":8},"end":{"line":196,"column":15}},"63":{"start":{"line":199,"column":21},"end":{"line":199,"column":66}},"64":{"start":{"line":201,"column":6},"end":{"line":204,"column":9}},"65":{"start":{"line":206,"column":6},"end":{"line":206,"column":55}},"66":{"start":{"line":207,"column":6},"end":{"line":207,"column":55}},"67":{"start":{"line":216,"column":4},"end":{"line":240,"column":5}},"68":{"start":{"line":217,"column":34},"end":{"line":217,"column":42}},"69":{"start":{"line":219,"column":6},"end":{"line":222,"column":7}},"70":{"start":{"line":220,"column":8},"end":{"line":220,"column":77}},"71":{"start":{"line":221,"column":8},"end":{"line":221,"column":15}},"72":{"start":{"line":224,"column":21},"end":{"line":224,"column":69}},"73":{"start":{"line":226,"column":6},"end":{"line":229,"column":9}},"74":{"start":{"line":231,"column":6},"end":{"line":231,"column":54}},"75":{"start":{"line":233,"column":6},"end":{"line":239,"column":7}},"76":{"start":{"line":234,"column":8},"end":{"line":234,"column":55}},"77":{"start":{"line":235,"column":13},"end":{"line":239,"column":7}},"78":{"start":{"line":236,"column":8},"end":{"line":236,"column":55}},"79":{"start":{"line":238,"column":8},"end":{"line":238,"column":74}},"80":{"start":{"line":248,"column":4},"end":{"line":270,"column":5}},"81":{"start":{"line":249,"column":24},"end":{"line":249,"column":32}},"82":{"start":{"line":251,"column":6},"end":{"line":254,"column":7}},"83":{"start":{"line":252,"column":8},"end":{"line":252,"column":61}},"84":{"start":{"line":253,"column":8},"end":{"line":253,"column":15}},"85":{"start":{"line":256,"column":21},"end":{"line":256,"column":69}},"86":{"start":{"line":258,"column":6},"end":{"line":261,"column":9}},"87":{"start":{"line":263,"column":6},"end":{"line":263,"column":59}},"88":{"start":{"line":265,"column":6},"end":{"line":269,"column":7}},"89":{"start":{"line":266,"column":8},"end":{"line":266,"column":55}},"90":{"start":{"line":268,"column":8},"end":{"line":268,"column":57}},"91":{"start":{"line":4,"column":0},"end":{"line":4,"column":13}},"92":{"start":{"line":274,"column":13},"end":{"line":274,"column":51}}},"fnMap":{"0":{"name":"(anonymous_0)","decl":{"start":{"line":9,"column":2},"end":{"line":9,"column":7}},"loc":{"start":{"line":9,"column":42},"end":{"line":50,"column":3}}},"1":{"name":"(anonymous_1)","decl":{"start":{"line":56,"column":2},"end":{"line":56,"column":7}},"loc":{"start":{"line":56,"column":42},"end":{"line":103,"column":3}}},"2":{"name":"(anonymous_2)","decl":{"start":{"line":109,"column":2},"end":{"line":109,"column":7}},"loc":{"start":{"line":109,"column":43},"end":{"line":121,"column":3}}},"3":{"name":"(anonymous_3)","decl":{"start":{"line":127,"column":2},"end":{"line":127,"column":7}},"loc":{"start":{"line":127,"column":38},"end":{"line":154,"column":3}}},"4":{"name":"(anonymous_4)","decl":{"start":{"line":160,"column":2},"end":{"line":160,"column":7}},"loc":{"start":{"line":160,"column":47},"end":{"line":184,"column":3}}},"5":{"name":"(anonymous_5)","decl":{"start":{"line":190,"column":2},"end":{"line":190,"column":7}},"loc":{"start":{"line":190,"column":50},"end":{"line":209,"column":3}}},"6":{"name":"(anonymous_6)","decl":{"start":{"line":215,"column":2},"end":{"line":215,"column":7}},"loc":{"start":{"line":215,"column":49},"end":{"line":241,"column":3}}},"7":{"name":"(anonymous_7)","decl":{"start":{"line":247,"column":2},"end":{"line":247,"column":7}},"loc":{"start":{"line":247,"column":54},"end":{"line":271,"column":3}}}},"branchMap":{"0":{"loc":{"start":{"line":15,"column":6},"end":{"line":37,"column":7}},"type":"if","locations":[{"start":{"line":15,"column":6},"end":{"line":37,"column":7}},{"start":{"line":22,"column":13},"end":{"line":37,"column":7}}]},"1":{"loc":{"start":{"line":42,"column":6},"end":{"line":48,"column":7}},"type":"if","locations":[{"start":{"line":42,"column":6},"end":{"line":48,"column":7}},{"start":{"line":44,"column":13},"end":{"line":48,"column":7}}]},"2":{"loc":{"start":{"line":44,"column":13},"end":{"line":48,"column":7}},"type":"if","locations":[{"start":{"line":44,"column":13},"end":{"line":48,"column":7}},{"start":{"line":46,"column":13},"end":{"line":48,"column":7}}]},"3":{"loc":{"start":{"line":44,"column":17},"end":{"line":44,"column":86}},"type":"binary-expr","locations":[{"start":{"line":44,"column":17},"end":{"line":44,"column":51}},{"start":{"line":44,"column":55},"end":{"line":44,"column":86}}]},"4":{"loc":{"start":{"line":62,"column":6},"end":{"line":73,"column":7}},"type":"if","locations":[{"start":{"line":62,"column":6},"end":{"line":73,"column":7}}]},"5":{"loc":{"start":{"line":63,"column":8},"end":{"line":69,"column":9}},"type":"if","locations":[{"start":{"line":63,"column":8},"end":{"line":69,"column":9}}]},"6":{"loc":{"start":{"line":93,"column":6},"end":{"line":101,"column":7}},"type":"if","locations":[{"start":{"line":93,"column":6},"end":{"line":101,"column":7}},{"start":{"line":95,"column":13},"end":{"line":101,"column":7}}]},"7":{"loc":{"start":{"line":95,"column":13},"end":{"line":101,"column":7}},"type":"if","locations":[{"start":{"line":95,"column":13},"end":{"line":101,"column":7}},{"start":{"line":97,"column":13},"end":{"line":101,"column":7}}]},"8":{"loc":{"start":{"line":97,"column":13},"end":{"line":101,"column":7}},"type":"if","locations":[{"start":{"line":97,"column":13},"end":{"line":101,"column":7}},{"start":{"line":99,"column":13},"end":{"line":101,"column":7}}]},"9":{"loc":{"start":{"line":131,"column":6},"end":{"line":134,"column":7}},"type":"if","locations":[{"start":{"line":131,"column":6},"end":{"line":134,"column":7}}]},"10":{"loc":{"start":{"line":138,"column":6},"end":{"line":141,"column":7}},"type":"if","locations":[{"start":{"line":138,"column":6},"end":{"line":141,"column":7}}]},"11":{"loc":{"start":{"line":164,"column":6},"end":{"line":167,"column":7}},"type":"if","locations":[{"start":{"line":164,"column":6},"end":{"line":167,"column":7}}]},"12":{"loc":{"start":{"line":178,"column":6},"end":{"line":182,"column":7}},"type":"if","locations":[{"start":{"line":178,"column":6},"end":{"line":182,"column":7}},{"start":{"line":180,"column":13},"end":{"line":182,"column":7}}]},"13":{"loc":{"start":{"line":178,"column":10},"end":{"line":178,"column":85}},"type":"binary-expr","locations":[{"start":{"line":178,"column":10},"end":{"line":178,"column":48}},{"start":{"line":178,"column":52},"end":{"line":178,"column":85}}]},"14":{"loc":{"start":{"line":194,"column":6},"end":{"line":197,"column":7}},"type":"if","locations":[{"start":{"line":194,"column":6},"end":{"line":197,"column":7}}]},"15":{"loc":{"start":{"line":219,"column":6},"end":{"line":222,"column":7}},"type":"if","locations":[{"start":{"line":219,"column":6},"end":{"line":222,"column":7}}]},"16":{"loc":{"start":{"line":219,"column":10},"end":{"line":219,"column":29}},"type":"binary-expr","locations":[{"start":{"line":219,"column":10},"end":{"line":219,"column":16}},{"start":{"line":219,"column":20},"end":{"line":219,"column":29}}]},"17":{"loc":{"start":{"line":233,"column":6},"end":{"line":239,"column":7}},"type":"if","locations":[{"start":{"line":233,"column":6},"end":{"line":239,"column":7}},{"start":{"line":235,"column":13},"end":{"line":239,"column":7}}]},"18":{"loc":{"start":{"line":233,"column":10},"end":{"line":233,"column":85}},"type":"binary-expr","locations":[{"start":{"line":233,"column":10},"end":{"line":233,"column":48}},{"start":{"line":233,"column":52},"end":{"line":233,"column":85}}]},"19":{"loc":{"start":{"line":235,"column":13},"end":{"line":239,"column":7}},"type":"if","locations":[{"start":{"line":235,"column":13},"end":{"line":239,"column":7}},{"start":{"line":237,"column":13},"end":{"line":239,"column":7}}]},"20":{"loc":{"start":{"line":251,"column":6},"end":{"line":254,"column":7}},"type":"if","locations":[{"start":{"line":251,"column":6},"end":{"line":254,"column":7}}]},"21":{"loc":{"start":{"line":265,"column":6},"end":{"line":269,"column":7}},"type":"if","locations":[{"start":{"line":265,"column":6},"end":{"line":269,"column":7}},{"start":{"line":267,"column":13},"end":{"line":269,"column":7}}]},"22":{"loc":{"start":{"line":265,"column":10},"end":{"line":265,"column":95}},"type":"binary-expr","locations":[{"start":{"line":265,"column":10},"end":{"line":265,"column":49}},{"start":{"line":265,"column":53},"end":{"line":265,"column":95}}]}},"s":{"0":1,"1":0,"2":0,"3":0,"4":0,"5":0,"6":0,"7":0,"8":0,"9":0,"10":0,"11":0,"12":0,"13":0,"14":0,"15":0,"16":0,"17":0,"18":0,"19":0,"20":0,"21":0,"22":0,"23":0,"24":0,"25":0,"26":0,"27":0,"28":0,"29":0,"30":0,"31":0,"32":0,"33":0,"34":0,"35":0,"36":0,"37":0,"38":0,"39":0,"40":0,"41":0,"42":0,"43":0,"44":0,"45":0,"46":0,"47":0,"48":0,"49":0,"50":0,"51":0,"52":0,"53":0,"54":0,"55":0,"56":0,"57":0,"58":0,"59":0,"60":0,"61":0,"62":0,"63":0,"64":0,"65":0,"66":0,"67":0,"68":0,"69":0,"70":0,"71":0,"72":0,"73":0,"74":0,"75":0,"76":0,"77":0,"78":0,"79":0,"80":0,"81":0,"82":0,"83":0,"84":0,"85":0,"86":0,"87":0,"88":0,"89":0,"90":0,"91":1,"92":1},"f":{"0":0,"1":0,"2":0,"3":0,"4":0,"5":0,"6":0,"7":0},"b":{"0":[0,0],"1":[0,0],"2":[0,0],"3":[0,0],"4":[0],"5":[0],"6":[0,0],"7":[0,0],"8":[0,0],"9":[0],"10":[0],"11":[0],"12":[0,0],"13":[0,0],"14":[0],"15":[0],"16":[0,0],"17":[0,0],"18":[0,0],"19":[0,0],"20":[0],"21":[0,0],"22":[0,0]}}
,"D:\\my-saas-chat\\services\\auth-service\\src\\middleware\\rate-limit.ts": {"path":"D:\\my-saas-chat\\services\\auth-service\\src\\middleware\\rate-limit.ts","statementMap":{"0":{"start":{"line":1,"column":0},"end":{"line":1,"column":43}},"1":{"start":{"line":6,"column":13},"end":{"line":12,"column":3}},"2":{"start":{"line":17,"column":13},"end":{"line":23,"column":3}},"3":{"start":{"line":28,"column":13},"end":{"line":34,"column":3}},"4":{"start":{"line":39,"column":13},"end":{"line":45,"column":3}},"5":{"start":{"line":50,"column":13},"end":{"line":56,"column":3}},"6":{"start":{"line":61,"column":13},"end":{"line":67,"column":3}}},"fnMap":{},"branchMap":{},"s":{"0":1,"1":1,"2":1,"3":1,"4":1,"5":1,"6":1},"f":{},"b":{}}
,"D:\\my-saas-chat\\services\\auth-service\\src\\repositories\\user.repository.ts": {"path":"D:\\my-saas-chat\\services\\auth-service\\src\\repositories\\user.repository.ts","statementMap":{"0":{"start":{"line":1,"column":0},"end":{"line":1,"column":52}},"1":{"start":{"line":3,"column":15},"end":{"line":3,"column":33}},"2":{"start":{"line":18,"column":23},"end":{"line":18,"column":42}},"3":{"start":{"line":19,"column":4},"end":{"line":21,"column":7}},"4":{"start":{"line":28,"column":4},"end":{"line":30,"column":7}},"5":{"start":{"line":37,"column":4},"end":{"line":42,"column":7}},"6":{"start":{"line":49,"column":4},"end":{"line":52,"column":7}},"7":{"start":{"line":59,"column":4},"end":{"line":65,"column":7}},"8":{"start":{"line":72,"column":4},"end":{"line":78,"column":7}},"9":{"start":{"line":85,"column":17},"end":{"line":85,"column":44}},"10":{"start":{"line":86,"column":4},"end":{"line":86,"column":28}},"11":{"start":{"line":86,"column":15},"end":{"line":86,"column":28}},"12":{"start":{"line":88,"column":29},"end":{"line":88,"column":30}},"13":{"start":{"line":89,"column":28},"end":{"line":89,"column":42}},"14":{"start":{"line":91,"column":4},"end":{"line":94,"column":5}},"15":{"start":{"line":92,"column":32},"end":{"line":92,"column":77}},"16":{"start":{"line":93,"column":6},"end":{"line":93,"column":49}},"17":{"start":{"line":96,"column":4},"end":{"line":96,"column":17}},"18":{"start":{"line":13,"column":0},"end":{"line":13,"column":13}},"19":{"start":{"line":100,"column":13},"end":{"line":100,"column":51}}},"fnMap":{"0":{"name":"(anonymous_0)","decl":{"start":{"line":17,"column":2},"end":{"line":17,"column":7}},"loc":{"start":{"line":17,"column":33},"end":{"line":22,"column":3}}},"1":{"name":"(anonymous_1)","decl":{"start":{"line":27,"column":2},"end":{"line":27,"column":7}},"loc":{"start":{"line":27,"column":31},"end":{"line":31,"column":3}}},"2":{"name":"(anonymous_2)","decl":{"start":{"line":36,"column":2},"end":{"line":36,"column":7}},"loc":{"start":{"line":36,"column":35},"end":{"line":43,"column":3}}},"3":{"name":"(anonymous_3)","decl":{"start":{"line":48,"column":2},"end":{"line":48,"column":7}},"loc":{"start":{"line":48,"column":40},"end":{"line":53,"column":3}}},"4":{"name":"(anonymous_4)","decl":{"start":{"line":58,"column":2},"end":{"line":58,"column":7}},"loc":{"start":{"line":58,"column":46},"end":{"line":66,"column":3}}},"5":{"name":"(anonymous_5)","decl":{"start":{"line":71,"column":2},"end":{"line":71,"column":7}},"loc":{"start":{"line":71,"column":42},"end":{"line":79,"column":3}}},"6":{"name":"(anonymous_6)","decl":{"start":{"line":84,"column":2},"end":{"line":84,"column":7}},"loc":{"start":{"line":84,"column":38},"end":{"line":97,"column":3}}}},"branchMap":{"0":{"loc":{"start":{"line":86,"column":4},"end":{"line":86,"column":28}},"type":"if","locations":[{"start":{"line":86,"column":4},"end":{"line":86,"column":28}}]},"1":{"loc":{"start":{"line":91,"column":4},"end":{"line":94,"column":5}},"type":"if","locations":[{"start":{"line":91,"column":4},"end":{"line":94,"column":5}}]},"2":{"loc":{"start":{"line":91,"column":8},"end":{"line":91,"column":78}},"type":"binary-expr","locations":[{"start":{"line":91,"column":8},"end":{"line":91,"column":52}},{"start":{"line":91,"column":56},"end":{"line":91,"column":78}}]}},"s":{"0":1,"1":1,"2":0,"3":0,"4":0,"5":0,"6":0,"7":0,"8":0,"9":0,"10":0,"11":0,"12":0,"13":0,"14":0,"15":0,"16":0,"17":0,"18":1,"19":1},"f":{"0":0,"1":0,"2":0,"3":0,"4":0,"5":0,"6":0},"b":{"0":[0],"1":[0],"2":[0,0]}}
,"D:\\my-saas-chat\\services\\auth-service\\src\\repositories\\verification.repository.ts": {"path":"D:\\my-saas-chat\\services\\auth-service\\src\\repositories\\verification.repository.ts","statementMap":{"0":{"start":{"line":1,"column":0},"end":{"line":1,"column":70}},"1":{"start":{"line":2,"column":0},"end":{"line":2,"column":28}},"2":{"start":{"line":4,"column":15},"end":{"line":4,"column":33}},"3":{"start":{"line":12,"column":4},"end":{"line":14,"column":7}},"4":{"start":{"line":17,"column":21},"end":{"line":17,"column":59}},"5":{"start":{"line":18,"column":22},"end":{"line":18,"column":80}},"6":{"start":{"line":19,"column":22},"end":{"line":19,"column":59}},"7":{"start":{"line":21,"column":4},"end":{"line":27,"column":7}},"8":{"start":{"line":29,"column":4},"end":{"line":29,"column":42}},"9":{"start":{"line":36,"column":22},"end":{"line":36,"column":77}},"10":{"start":{"line":38,"column":19},"end":{"line":40,"column":6}},"11":{"start":{"line":42,"column":4},"end":{"line":44,"column":5}},"12":{"start":{"line":43,"column":6},"end":{"line":43,"column":18}},"13":{"start":{"line":47,"column":4},"end":{"line":52,"column":5}},"14":{"start":{"line":48,"column":6},"end":{"line":50,"column":9}},"15":{"start":{"line":51,"column":6},"end":{"line":51,"column":18}},"16":{"start":{"line":54,"column":4},"end":{"line":54,"column":25}},"17":{"start":{"line":61,"column":4},"end":{"line":63,"column":7}},"18":{"start":{"line":71,"column":4},"end":{"line":73,"column":7}},"19":{"start":{"line":76,"column":21},"end":{"line":76,"column":59}},"20":{"start":{"line":77,"column":22},"end":{"line":77,"column":80}},"21":{"start":{"line":78,"column":22},"end":{"line":78,"column":59}},"22":{"start":{"line":80,"column":4},"end":{"line":86,"column":7}},"23":{"start":{"line":88,"column":4},"end":{"line":88,"column":42}},"24":{"start":{"line":95,"column":22},"end":{"line":95,"column":77}},"25":{"start":{"line":97,"column":19},"end":{"line":99,"column":6}},"26":{"start":{"line":101,"column":4},"end":{"line":103,"column":5}},"27":{"start":{"line":102,"column":6},"end":{"line":102,"column":18}},"28":{"start":{"line":106,"column":4},"end":{"line":111,"column":5}},"29":{"start":{"line":107,"column":6},"end":{"line":109,"column":9}},"30":{"start":{"line":110,"column":6},"end":{"line":110,"column":18}},"31":{"start":{"line":113,"column":4},"end":{"line":113,"column":25}},"32":{"start":{"line":120,"column":4},"end":{"line":122,"column":7}},"33":{"start":{"line":6,"column":0},"end":{"line":6,"column":13}},"34":{"start":{"line":126,"column":13},"end":{"line":126,"column":67}}},"fnMap":{"0":{"name":"(anonymous_1)","decl":{"start":{"line":10,"column":2},"end":{"line":10,"column":7}},"loc":{"start":{"line":10,"column":46},"end":{"line":30,"column":3}}},"1":{"name":"(anonymous_2)","decl":{"start":{"line":35,"column":2},"end":{"line":35,"column":7}},"loc":{"start":{"line":35,"column":38},"end":{"line":55,"column":3}}},"2":{"name":"(anonymous_3)","decl":{"start":{"line":60,"column":2},"end":{"line":60,"column":7}},"loc":{"start":{"line":60,"column":46},"end":{"line":64,"column":3}}},"3":{"name":"(anonymous_4)","decl":{"start":{"line":69,"column":2},"end":{"line":69,"column":7}},"loc":{"start":{"line":69,"column":47},"end":{"line":89,"column":3}}},"4":{"name":"(anonymous_5)","decl":{"start":{"line":94,"column":2},"end":{"line":94,"column":7}},"loc":{"start":{"line":94,"column":46},"end":{"line":114,"column":3}}},"5":{"name":"(anonymous_6)","decl":{"start":{"line":119,"column":2},"end":{"line":119,"column":7}},"loc":{"start":{"line":119,"column":47},"end":{"line":123,"column":3}}}},"branchMap":{"0":{"loc":{"start":{"line":42,"column":4},"end":{"line":44,"column":5}},"type":"if","locations":[{"start":{"line":42,"column":4},"end":{"line":44,"column":5}}]},"1":{"loc":{"start":{"line":47,"column":4},"end":{"line":52,"column":5}},"type":"if","locations":[{"start":{"line":47,"column":4},"end":{"line":52,"column":5}}]},"2":{"loc":{"start":{"line":101,"column":4},"end":{"line":103,"column":5}},"type":"if","locations":[{"start":{"line":101,"column":4},"end":{"line":103,"column":5}}]},"3":{"loc":{"start":{"line":106,"column":4},"end":{"line":111,"column":5}},"type":"if","locations":[{"start":{"line":106,"column":4},"end":{"line":111,"column":5}}]}},"s":{"0":1,"1":1,"2":1,"3":0,"4":0,"5":0,"6":0,"7":0,"8":0,"9":0,"10":0,"11":0,"12":0,"13":0,"14":0,"15":0,"16":0,"17":0,"18":0,"19":0,"20":0,"21":0,"22":0,"23":0,"24":0,"25":0,"26":0,"27":0,"28":0,"29":0,"30":0,"31":0,"32":0,"33":1,"34":1},"f":{"0":0,"1":0,"2":0,"3":0,"4":0,"5":0},"b":{"0":[0],"1":[0],"2":[0],"3":[0]}}
,"D:\\my-saas-chat\\services\\auth-service\\src\\routes\\auth.routes.ts": {"path":"D:\\my-saas-chat\\services\\auth-service\\src\\routes\\auth.routes.ts","statementMap":{"0":{"start":{"line":1,"column":0},"end":{"line":1,"column":33}},"1":{"start":{"line":2,"column":0},"end":{"line":2,"column":64}},"2":{"start":{"line":3,"column":0},"end":{"line":3,"column":null}},"3":{"start":{"line":11,"column":15},"end":{"line":11,"column":23}},"4":{"start":{"line":61,"column":0},"end":{"line":61,"column":89}},"5":{"start":{"line":61,"column":56},"end":{"line":61,"column":87}},"6":{"start":{"line":111,"column":0},"end":{"line":111,"column":89}},"7":{"start":{"line":111,"column":56},"end":{"line":111,"column":87}},"8":{"start":{"line":117,"column":0},"end":{"line":117,"column":72}},"9":{"start":{"line":117,"column":38},"end":{"line":117,"column":70}},"10":{"start":{"line":123,"column":0},"end":{"line":123,"column":61}},"11":{"start":{"line":123,"column":32},"end":{"line":123,"column":59}},"12":{"start":{"line":129,"column":0},"end":{"line":129,"column":98}},"13":{"start":{"line":129,"column":60},"end":{"line":129,"column":96}},"14":{"start":{"line":135,"column":0},"end":{"line":135,"column":113}},"15":{"start":{"line":135,"column":72},"end":{"line":135,"column":111}},"16":{"start":{"line":141,"column":0},"end":{"line":141,"column":111}},"17":{"start":{"line":141,"column":71},"end":{"line":141,"column":109}},"18":{"start":{"line":147,"column":0},"end":{"line":147,"column":120}},"19":{"start":{"line":147,"column":75},"end":{"line":147,"column":118}},"20":{"start":{"line":149,"column":0},"end":{"line":149,"column":22}}},"fnMap":{"0":{"name":"(anonymous_0)","decl":{"start":{"line":61,"column":42},"end":{"line":61,"column":43}},"loc":{"start":{"line":61,"column":56},"end":{"line":61,"column":87}}},"1":{"name":"(anonymous_1)","decl":{"start":{"line":111,"column":42},"end":{"line":111,"column":43}},"loc":{"start":{"line":111,"column":56},"end":{"line":111,"column":87}}},"2":{"name":"(anonymous_2)","decl":{"start":{"line":117,"column":24},"end":{"line":117,"column":25}},"loc":{"start":{"line":117,"column":38},"end":{"line":117,"column":70}}},"3":{"name":"(anonymous_3)","decl":{"start":{"line":123,"column":18},"end":{"line":123,"column":19}},"loc":{"start":{"line":123,"column":32},"end":{"line":123,"column":59}}},"4":{"name":"(anonymous_4)","decl":{"start":{"line":129,"column":46},"end":{"line":129,"column":47}},"loc":{"start":{"line":129,"column":60},"end":{"line":129,"column":96}}},"5":{"name":"(anonymous_5)","decl":{"start":{"line":135,"column":58},"end":{"line":135,"column":59}},"loc":{"start":{"line":135,"column":72},"end":{"line":135,"column":111}}},"6":{"name":"(anonymous_6)","decl":{"start":{"line":141,"column":57},"end":{"line":141,"column":58}},"loc":{"start":{"line":141,"column":71},"end":{"line":141,"column":109}}},"7":{"name":"(anonymous_7)","decl":{"start":{"line":147,"column":61},"end":{"line":147,"column":62}},"loc":{"start":{"line":147,"column":75},"end":{"line":147,"column":118}}}},"branchMap":{},"s":{"0":1,"1":1,"2":1,"3":1,"4":1,"5":0,"6":1,"7":0,"8":1,"9":0,"10":1,"11":0,"12":1,"13":0,"14":1,"15":0,"16":1,"17":0,"18":1,"19":0,"20":1},"f":{"0":0,"1":0,"2":0,"3":0,"4":0,"5":0,"6":0,"7":0},"b":{}}
,"D:\\my-saas-chat\\services\\auth-service\\src\\routes\\debug.routes.ts": {"path":"D:\\my-saas-chat\\services\\auth-service\\src\\routes\\debug.routes.ts","statementMap":{"0":{"start":{"line":6,"column":0},"end":{"line":6,"column":33}},"1":{"start":{"line":7,"column":0},"end":{"line":7,"column":68}},"2":{"start":{"line":9,"column":15},"end":{"line":9,"column":23}},"3":{"start":{"line":12,"column":0},"end":{"line":82,"column":1}},"4":{"start":{"line":17,"column":2},"end":{"line":21,"column":5}},"5":{"start":{"line":18,"column":18},"end":{"line":18,"column":59}},"6":{"start":{"line":19,"column":5},"end":{"line":19,"column":32}},"7":{"start":{"line":20,"column":4},"end":{"line":20,"column":16}},"8":{"start":{"line":27,"column":2},"end":{"line":31,"column":5}},"9":{"start":{"line":28,"column":18},"end":{"line":28,"column":45}},"10":{"start":{"line":29,"column":5},"end":{"line":29,"column":32}},"11":{"start":{"line":30,"column":4},"end":{"line":30,"column":16}},"12":{"start":{"line":37,"column":2},"end":{"line":39,"column":5}},"13":{"start":{"line":38,"column":4},"end":{"line":38,"column":47}},"14":{"start":{"line":45,"column":2},"end":{"line":55,"column":5}},"15":{"start":{"line":46,"column":4},"end":{"line":54,"column":5}},"16":{"start":{"line":47,"column":6},"end":{"line":47,"column":51}},"17":{"start":{"line":49,"column":6},"end":{"line":52,"column":9}},"18":{"start":{"line":53,"column":6},"end":{"line":53,"column":55}},"19":{"start":{"line":61,"column":2},"end":{"line":64,"column":5}},"20":{"start":{"line":62,"column":4},"end":{"line":62,"column":61}},"21":{"start":{"line":63,"column":4},"end":{"line":63,"column":52}},"22":{"start":{"line":70,"column":2},"end":{"line":81,"column":5}},"23":{"start":{"line":71,"column":4},"end":{"line":80,"column":7}},"24":{"start":{"line":84,"column":0},"end":{"line":84,"column":22}}},"fnMap":{"0":{"name":"(anonymous_0)","decl":{"start":{"line":17,"column":23},"end":{"line":17,"column":24}},"loc":{"start":{"line":17,"column":42},"end":{"line":21,"column":3}}},"1":{"name":"(anonymous_1)","decl":{"start":{"line":27,"column":27},"end":{"line":27,"column":28}},"loc":{"start":{"line":27,"column":46},"end":{"line":31,"column":3}}},"2":{"name":"(anonymous_2)","decl":{"start":{"line":37,"column":26},"end":{"line":37,"column":27}},"loc":{"start":{"line":37,"column":39},"end":{"line":39,"column":3}}},"3":{"name":"(anonymous_3)","decl":{"start":{"line":45,"column":30},"end":{"line":45,"column":31}},"loc":{"start":{"line":45,"column":43},"end":{"line":55,"column":3}}},"4":{"name":"(anonymous_4)","decl":{"start":{"line":61,"column":25},"end":{"line":61,"column":26}},"loc":{"start":{"line":61,"column":38},"end":{"line":64,"column":3}}},"5":{"name":"(anonymous_5)","decl":{"start":{"line":70,"column":18},"end":{"line":70,"column":19}},"loc":{"start":{"line":70,"column":31},"end":{"line":81,"column":3}}}},"branchMap":{"0":{"loc":{"start":{"line":12,"column":0},"end":{"line":82,"column":1}},"type":"if","locations":[{"start":{"line":12,"column":0},"end":{"line":82,"column":1}}]}},"s":{"0":1,"1":1,"2":1,"3":1,"4":1,"5":0,"6":0,"7":0,"8":1,"9":0,"10":0,"11":0,"12":1,"13":0,"14":1,"15":0,"16":0,"17":0,"18":0,"19":1,"20":0,"21":0,"22":1,"23":0,"24":1},"f":{"0":0,"1":0,"2":0,"3":0,"4":0,"5":0},"b":{"0":[1]}}
,"D:\\my-saas-chat\\services\\auth-service\\src\\services\\auth.service.ts": {"path":"D:\\my-saas-chat\\services\\auth-service\\src\\services\\auth.service.ts","statementMap":{"0":{"start":{"line":1,"column":0},"end":{"line":1,"column":35}},"1":{"start":{"line":2,"column":0},"end":{"line":2,"column":36}},"2":{"start":{"line":4,"column":0},"end":{"line":4,"column":65}},"3":{"start":{"line":5,"column":0},"end":{"line":5,"column":81}},"4":{"start":{"line":6,"column":0},"end":{"line":6,"column":39}},"5":{"start":{"line":7,"column":0},"end":{"line":7,"column":46}},"6":{"start":{"line":8,"column":0},"end":{"line":8,"column":46}},"7":{"start":{"line":10,"column":15},"end":{"line":10,"column":33}},"8":{"start":{"line":36,"column":4},"end":{"line":38,"column":5}},"9":{"start":{"line":37,"column":6},"end":{"line":37,"column":55}},"10":{"start":{"line":40,"column":4},"end":{"line":42,"column":5}},"11":{"start":{"line":41,"column":6},"end":{"line":41,"column":58}},"12":{"start":{"line":44,"column":23},"end":{"line":44,"column":42}},"13":{"start":{"line":47,"column":25},"end":{"line":47,"column":69}},"14":{"start":{"line":48,"column":4},"end":{"line":50,"column":5}},"15":{"start":{"line":49,"column":6},"end":{"line":49,"column":47}},"16":{"start":{"line":53,"column":25},"end":{"line":53,"column":56}},"17":{"start":{"line":56,"column":32},"end":{"line":56,"column":81}},"18":{"start":{"line":59,"column":17},"end":{"line":65,"column":6}},"19":{"start":{"line":67,"column":4},"end":{"line":97,"column":5}},"20":{"start":{"line":68,"column":24},"end":{"line":68,"column":85}},"21":{"start":{"line":71,"column":6},"end":{"line":75,"column":9}},"22":{"start":{"line":77,"column":6},"end":{"line":77,"column":75}},"23":{"start":{"line":79,"column":6},"end":{"line":85,"column":8}},"24":{"start":{"line":87,"column":27},"end":{"line":87,"column":71}},"25":{"start":{"line":89,"column":6},"end":{"line":96,"column":8}},"26":{"start":{"line":105,"column":4},"end":{"line":107,"column":5}},"27":{"start":{"line":106,"column":6},"end":{"line":106,"column":55}},"28":{"start":{"line":109,"column":23},"end":{"line":109,"column":42}},"29":{"start":{"line":112,"column":17},"end":{"line":112,"column":61}},"30":{"start":{"line":113,"column":4},"end":{"line":115,"column":5}},"31":{"start":{"line":114,"column":6},"end":{"line":114,"column":56}},"32":{"start":{"line":118,"column":21},"end":{"line":118,"column":66}},"33":{"start":{"line":119,"column":4},"end":{"line":121,"column":5}},"34":{"start":{"line":120,"column":6},"end":{"line":120,"column":110}},"35":{"start":{"line":124,"column":28},"end":{"line":124,"column":77}},"36":{"start":{"line":126,"column":4},"end":{"line":130,"column":5}},"37":{"start":{"line":128,"column":6},"end":{"line":128,"column":60}},"38":{"start":{"line":129,"column":6},"end":{"line":129,"column":56}},"39":{"start":{"line":133,"column":4},"end":{"line":133,"column":54}},"40":{"start":{"line":136,"column":32},"end":{"line":136,"column":81}},"41":{"start":{"line":137,"column":4},"end":{"line":143,"column":5}},"42":{"start":{"line":138,"column":6},"end":{"line":142,"column":8}},"43":{"start":{"line":146,"column":25},"end":{"line":146,"column":69}},"44":{"start":{"line":148,"column":4},"end":{"line":154,"column":6}},"45":{"start":{"line":161,"column":19},"end":{"line":161,"column":71}},"46":{"start":{"line":163,"column":4},"end":{"line":165,"column":5}},"47":{"start":{"line":164,"column":6},"end":{"line":164,"column":60}},"48":{"start":{"line":167,"column":4},"end":{"line":167,"column":51}},"49":{"start":{"line":168,"column":4},"end":{"line":168,"column":65}},"50":{"start":{"line":171,"column":17},"end":{"line":171,"column":54}},"51":{"start":{"line":172,"column":4},"end":{"line":178,"column":5}},"52":{"start":{"line":173,"column":6},"end":{"line":176,"column":9}},"53":{"start":{"line":177,"column":6},"end":{"line":177,"column":75}},"54":{"start":{"line":180,"column":4},"end":{"line":183,"column":6}},"55":{"start":{"line":190,"column":23},"end":{"line":190,"column":42}},"56":{"start":{"line":191,"column":17},"end":{"line":191,"column":61}},"57":{"start":{"line":193,"column":4},"end":{"line":198,"column":5}},"58":{"start":{"line":194,"column":6},"end":{"line":197,"column":8}},"59":{"start":{"line":200,"column":22},"end":{"line":200,"column":84}},"60":{"start":{"line":203,"column":4},"end":{"line":207,"column":7}},"61":{"start":{"line":209,"column":4},"end":{"line":209,"column":77}},"62":{"start":{"line":211,"column":4},"end":{"line":214,"column":6}},"63":{"start":{"line":221,"column":4},"end":{"line":223,"column":5}},"64":{"start":{"line":222,"column":6},"end":{"line":222,"column":62}},"65":{"start":{"line":225,"column":19},"end":{"line":225,"column":79}},"66":{"start":{"line":227,"column":4},"end":{"line":229,"column":5}},"67":{"start":{"line":228,"column":6},"end":{"line":228,"column":60}},"68":{"start":{"line":231,"column":25},"end":{"line":231,"column":59}},"69":{"start":{"line":233,"column":4},"end":{"line":236,"column":7}},"70":{"start":{"line":238,"column":4},"end":{"line":238,"column":66}},"71":{"start":{"line":240,"column":4},"end":{"line":243,"column":6}},"72":{"start":{"line":250,"column":23},"end":{"line":250,"column":42}},"73":{"start":{"line":251,"column":17},"end":{"line":251,"column":61}},"74":{"start":{"line":253,"column":4},"end":{"line":255,"column":5}},"75":{"start":{"line":254,"column":6},"end":{"line":254,"column":45}},"76":{"start":{"line":257,"column":4},"end":{"line":259,"column":5}},"77":{"start":{"line":258,"column":6},"end":{"line":258,"column":52}},"78":{"start":{"line":261,"column":22},"end":{"line":261,"column":83}},"79":{"start":{"line":264,"column":4},"end":{"line":268,"column":7}},"80":{"start":{"line":270,"column":4},"end":{"line":270,"column":80}},"81":{"start":{"line":272,"column":4},"end":{"line":275,"column":6}},"82":{"start":{"line":283,"column":4},"end":{"line":289,"column":5}},"83":{"start":{"line":284,"column":6},"end":{"line":288,"column":8}},"84":{"start":{"line":291,"column":4},"end":{"line":297,"column":5}},"85":{"start":{"line":292,"column":6},"end":{"line":296,"column":8}},"86":{"start":{"line":299,"column":19},"end":{"line":299,"column":37}},"87":{"start":{"line":300,"column":22},"end":{"line":300,"column":26}},"88":{"start":{"line":302,"column":4},"end":{"line":306,"column":6}},"89":{"start":{"line":313,"column":4},"end":{"line":324,"column":5}},"90":{"start":{"line":315,"column":6},"end":{"line":317,"column":7}},"91":{"start":{"line":316,"column":8},"end":{"line":316,"column":57}},"92":{"start":{"line":319,"column":21},"end":{"line":319,"column":39}},"93":{"start":{"line":320,"column":22},"end":{"line":320,"column":84}},"94":{"start":{"line":321,"column":6},"end":{"line":321,"column":21}},"95":{"start":{"line":323,"column":6},"end":{"line":323,"column":18}},"96":{"start":{"line":30,"column":0},"end":{"line":30,"column":13}},"97":{"start":{"line":328,"column":13},"end":{"line":328,"column":45}}},"fnMap":{"0":{"name":"(anonymous_9)","decl":{"start":{"line":34,"column":2},"end":{"line":34,"column":7}},"loc":{"start":{"line":34,"column":46},"end":{"line":98,"column":3}}},"1":{"name":"(anonymous_10)","decl":{"start":{"line":103,"column":2},"end":{"line":103,"column":7}},"loc":{"start":{"line":103,"column":46},"end":{"line":155,"column":3}}},"2":{"name":"(anonymous_11)","decl":{"start":{"line":160,"column":2},"end":{"line":160,"column":7}},"loc":{"start":{"line":160,"column":33},"end":{"line":184,"column":3}}},"3":{"name":"(anonymous_12)","decl":{"start":{"line":189,"column":2},"end":{"line":189,"column":7}},"loc":{"start":{"line":189,"column":42},"end":{"line":215,"column":3}}},"4":{"name":"(anonymous_13)","decl":{"start":{"line":220,"column":2},"end":{"line":220,"column":7}},"loc":{"start":{"line":220,"column":56},"end":{"line":244,"column":3}}},"5":{"name":"(anonymous_14)","decl":{"start":{"line":249,"column":2},"end":{"line":249,"column":7}},"loc":{"start":{"line":249,"column":45},"end":{"line":276,"column":3}}},"6":{"name":"(anonymous_15)","decl":{"start":{"line":281,"column":10},"end":{"line":281,"column":28}},"loc":{"start":{"line":281,"column":58},"end":{"line":307,"column":3}}},"7":{"name":"(anonymous_16)","decl":{"start":{"line":312,"column":2},"end":{"line":312,"column":20}},"loc":{"start":{"line":312,"column":34},"end":{"line":325,"column":3}}}},"branchMap":{"0":{"loc":{"start":{"line":36,"column":4},"end":{"line":38,"column":5}},"type":"if","locations":[{"start":{"line":36,"column":4},"end":{"line":38,"column":5}}]},"1":{"loc":{"start":{"line":36,"column":8},"end":{"line":36,"column":27}},"type":"binary-expr","locations":[{"start":{"line":36,"column":8},"end":{"line":36,"column":14}},{"start":{"line":36,"column":18},"end":{"line":36,"column":27}}]},"2":{"loc":{"start":{"line":40,"column":4},"end":{"line":42,"column":5}},"type":"if","locations":[{"start":{"line":40,"column":4},"end":{"line":42,"column":5}}]},"3":{"loc":{"start":{"line":48,"column":4},"end":{"line":50,"column":5}},"type":"if","locations":[{"start":{"line":48,"column":4},"end":{"line":50,"column":5}}]},"4":{"loc":{"start":{"line":64,"column":23},"end":{"line":64,"column":62}},"type":"cond-expr","locations":[{"start":{"line":64,"column":45},"end":{"line":64,"column":49}},{"start":{"line":64,"column":52},"end":{"line":64,"column":62}}]},"5":{"loc":{"start":{"line":67,"column":4},"end":{"line":97,"column":5}},"type":"if","locations":[{"start":{"line":67,"column":4},"end":{"line":97,"column":5}},{"start":{"line":86,"column":11},"end":{"line":97,"column":5}}]},"6":{"loc":{"start":{"line":105,"column":4},"end":{"line":107,"column":5}},"type":"if","locations":[{"start":{"line":105,"column":4},"end":{"line":107,"column":5}}]},"7":{"loc":{"start":{"line":105,"column":8},"end":{"line":105,"column":27}},"type":"binary-expr","locations":[{"start":{"line":105,"column":8},"end":{"line":105,"column":14}},{"start":{"line":105,"column":18},"end":{"line":105,"column":27}}]},"8":{"loc":{"start":{"line":113,"column":4},"end":{"line":115,"column":5}},"type":"if","locations":[{"start":{"line":113,"column":4},"end":{"line":115,"column":5}}]},"9":{"loc":{"start":{"line":119,"column":4},"end":{"line":121,"column":5}},"type":"if","locations":[{"start":{"line":119,"column":4},"end":{"line":121,"column":5}}]},"10":{"loc":{"start":{"line":126,"column":4},"end":{"line":130,"column":5}},"type":"if","locations":[{"start":{"line":126,"column":4},"end":{"line":130,"column":5}}]},"11":{"loc":{"start":{"line":137,"column":4},"end":{"line":143,"column":5}},"type":"if","locations":[{"start":{"line":137,"column":4},"end":{"line":143,"column":5}}]},"12":{"loc":{"start":{"line":137,"column":8},"end":{"line":137,"column":52}},"type":"binary-expr","locations":[{"start":{"line":137,"column":8},"end":{"line":137,"column":27}},{"start":{"line":137,"column":31},"end":{"line":137,"column":52}}]},"13":{"loc":{"start":{"line":163,"column":4},"end":{"line":165,"column":5}},"type":"if","locations":[{"start":{"line":163,"column":4},"end":{"line":165,"column":5}}]},"14":{"loc":{"start":{"line":172,"column":4},"end":{"line":178,"column":5}},"type":"if","locations":[{"start":{"line":172,"column":4},"end":{"line":178,"column":5}}]},"15":{"loc":{"start":{"line":193,"column":4},"end":{"line":198,"column":5}},"type":"if","locations":[{"start":{"line":193,"column":4},"end":{"line":198,"column":5}}]},"16":{"loc":{"start":{"line":221,"column":4},"end":{"line":223,"column":5}},"type":"if","locations":[{"start":{"line":221,"column":4},"end":{"line":223,"column":5}}]},"17":{"loc":{"start":{"line":221,"column":8},"end":{"line":221,"column":46}},"type":"binary-expr","locations":[{"start":{"line":221,"column":8},"end":{"line":221,"column":20}},{"start":{"line":221,"column":24},"end":{"line":221,"column":46}}]},"18":{"loc":{"start":{"line":227,"column":4},"end":{"line":229,"column":5}},"type":"if","locations":[{"start":{"line":227,"column":4},"end":{"line":229,"column":5}}]},"19":{"loc":{"start":{"line":253,"column":4},"end":{"line":255,"column":5}},"type":"if","locations":[{"start":{"line":253,"column":4},"end":{"line":255,"column":5}}]},"20":{"loc":{"start":{"line":257,"column":4},"end":{"line":259,"column":5}},"type":"if","locations":[{"start":{"line":257,"column":4},"end":{"line":259,"column":5}}]},"21":{"loc":{"start":{"line":283,"column":4},"end":{"line":289,"column":5}},"type":"if","locations":[{"start":{"line":283,"column":4},"end":{"line":289,"column":5}}]},"22":{"loc":{"start":{"line":291,"column":4},"end":{"line":297,"column":5}},"type":"if","locations":[{"start":{"line":291,"column":4},"end":{"line":297,"column":5}}]},"23":{"loc":{"start":{"line":315,"column":6},"end":{"line":317,"column":7}},"type":"if","locations":[{"start":{"line":315,"column":6},"end":{"line":317,"column":7}}]}},"s":{"0":1,"1":1,"2":1,"3":1,"4":1,"5":1,"6":1,"7":1,"8":0,"9":0,"10":0,"11":0,"12":0,"13":0,"14":0,"15":0,"16":0,"17":0,"18":0,"19":0,"20":0,"21":0,"22":0,"23":0,"24":0,"25":0,"26":0,"27":0,"28":0,"29":0,"30":0,"31":0,"32":0,"33":0,"34":0,"35":0,"36":0,"37":0,"38":0,"39":0,"40":0,"41":0,"42":0,"43":0,"44":0,"45":0,"46":0,"47":0,"48":0,"49":0,"50":0,"51":0,"52":0,"53":0,"54":0,"55":0,"56":0,"57":0,"58":0,"59":0,"60":0,"61":0,"62":0,"63":0,"64":0,"65":0,"66":0,"67":0,"68":0,"69":0,"70":0,"71":0,"72":0,"73":0,"74":0,"75":0,"76":0,"77":0,"78":0,"79":0,"80":0,"81":0,"82":0,"83":0,"84":0,"85":0,"86":0,"87":0,"88":0,"89":0,"90":0,"91":0,"92":0,"93":0,"94":0,"95":0,"96":1,"97":1},"f":{"0":0,"1":0,"2":0,"3":0,"4":0,"5":0,"6":0,"7":0},"b":{"0":[0],"1":[0,0],"2":[0],"3":[0],"4":[0,0],"5":[0,0],"6":[0],"7":[0,0],"8":[0],"9":[0],"10":[0],"11":[0],"12":[0,0],"13":[0],"14":[0],"15":[0],"16":[0],"17":[0,0],"18":[0],"19":[0],"20":[0],"21":[0],"22":[0],"23":[0]}}
,"D:\\my-saas-chat\\services\\auth-service\\src\\services\\queue.service.ts": {"path":"D:\\my-saas-chat\\services\\auth-service\\src\\services\\queue.service.ts","statementMap":{"0":{"start":{"line":24,"column":0},"end":{"line":24,"column":7}},"1":{"start":{"line":41,"column":0},"end":{"line":41,"column":7}},"2":{"start":{"line":63,"column":0},"end":{"line":63,"column":7}},"3":{"start":{"line":1,"column":0},"end":{"line":1,"column":31}},"4":{"start":{"line":2,"column":0},"end":{"line":2,"column":30}},"5":{"start":{"line":4,"column":19},"end":{"line":8,"column":2}},"6":{"start":{"line":11,"column":19},"end":{"line":11,"column":53}},"7":{"start":{"line":25,"column":2},"end":{"line":33,"column":5}},"8":{"start":{"line":35,"column":2},"end":{"line":35,"column":75}},"9":{"start":{"line":42,"column":56},"end":{"line":48,"column":4}},"10":{"start":{"line":50,"column":2},"end":{"line":57,"column":4}},"11":{"start":{"line":64,"column":2},"end":{"line":64,"column":27}},"12":{"start":{"line":65,"column":2},"end":{"line":65,"column":26}}},"fnMap":{"0":{"name":"addEmailJob","decl":{"start":{"line":24,"column":22},"end":{"line":24,"column":33}},"loc":{"start":{"line":24,"column":48},"end":{"line":36,"column":1}}},"1":{"name":"getEmailQueueMetrics","decl":{"start":{"line":41,"column":22},"end":{"line":41,"column":42}},"loc":{"start":{"line":41,"column":42},"end":{"line":58,"column":1}}},"2":{"name":"closeQueue","decl":{"start":{"line":63,"column":22},"end":{"line":63,"column":32}},"loc":{"start":{"line":63,"column":32},"end":{"line":66,"column":1}}}},"branchMap":{"0":{"loc":{"start":{"line":5,"column":8},"end":{"line":5,"column":45}},"type":"binary-expr","locations":[{"start":{"line":5,"column":8},"end":{"line":5,"column":30}},{"start":{"line":5,"column":34},"end":{"line":5,"column":45}}]},"1":{"loc":{"start":{"line":6,"column":17},"end":{"line":6,"column":49}},"type":"binary-expr","locations":[{"start":{"line":6,"column":17},"end":{"line":6,"column":39}},{"start":{"line":6,"column":43},"end":{"line":6,"column":49}}]}},"s":{"0":1,"1":1,"2":1,"3":1,"4":1,"5":1,"6":1,"7":0,"8":0,"9":0,"10":0,"11":0,"12":0},"f":{"0":0,"1":0,"2":0},"b":{"0":[1,1],"1":[1,1]}}
,"D:\\my-saas-chat\\services\\auth-service\\src\\tracing\\jaeger.ts": {"path":"D:\\my-saas-chat\\services\\auth-service\\src\\tracing\\jaeger.ts","statementMap":{"0":{"start":{"line":9,"column":0},"end":{"line":9,"column":16}},"1":{"start":{"line":34,"column":0},"end":{"line":34,"column":16}},"2":{"start":{"line":5,"column":0},"end":{"line":5,"column":57}},"3":{"start":{"line":6,"column":0},"end":{"line":6,"column":56}},"4":{"start":{"line":10,"column":17},"end":{"line":21,"column":4}},"5":{"start":{"line":23,"column":17},"end":{"line":28,"column":4}},"6":{"start":{"line":25,"column":29},"end":{"line":25,"column":59}},"7":{"start":{"line":26,"column":30},"end":{"line":26,"column":62}},"8":{"start":{"line":30,"column":2},"end":{"line":30,"column":65}},"9":{"start":{"line":31,"column":2},"end":{"line":31,"column":16}},"10":{"start":{"line":35,"column":2},"end":{"line":62,"column":4}},"11":{"start":{"line":36,"column":30},"end":{"line":36,"column":78}},"12":{"start":{"line":38,"column":17},"end":{"line":47,"column":6}},"13":{"start":{"line":50,"column":4},"end":{"line":50,"column":20}},"14":{"start":{"line":53,"column":4},"end":{"line":59,"column":7}},"15":{"start":{"line":54,"column":6},"end":{"line":54,"column":54}},"16":{"start":{"line":55,"column":6},"end":{"line":57,"column":7}},"17":{"start":{"line":56,"column":8},"end":{"line":56,"column":35}},"18":{"start":{"line":58,"column":6},"end":{"line":58,"column":20}},"19":{"start":{"line":61,"column":4},"end":{"line":61,"column":11}}},"fnMap":{"0":{"name":"initJaegerTracing","decl":{"start":{"line":9,"column":16},"end":{"line":9,"column":33}},"loc":{"start":{"line":9,"column":53},"end":{"line":32,"column":1}}},"1":{"name":"(anonymous_1)","decl":{"start":{"line":25,"column":12},"end":{"line":25,"column":13}},"loc":{"start":{"line":25,"column":29},"end":{"line":25,"column":59}}},"2":{"name":"(anonymous_2)","decl":{"start":{"line":26,"column":13},"end":{"line":26,"column":14}},"loc":{"start":{"line":26,"column":30},"end":{"line":26,"column":62}}},"3":{"name":"tracingMiddleware","decl":{"start":{"line":34,"column":16},"end":{"line":34,"column":33}},"loc":{"start":{"line":34,"column":54},"end":{"line":63,"column":1}}},"4":{"name":"(anonymous_4)","decl":{"start":{"line":35,"column":9},"end":{"line":35,"column":10}},"loc":{"start":{"line":35,"column":79},"end":{"line":62,"column":3}}},"5":{"name":"(anonymous_5)","decl":{"start":{"line":53,"column":21},"end":{"line":53,"column":24}},"loc":{"start":{"line":53,"column":26},"end":{"line":59,"column":5}}}},"branchMap":{"0":{"loc":{"start":{"line":18,"column":17},"end":{"line":18,"column":61}},"type":"binary-expr","locations":[{"start":{"line":18,"column":17},"end":{"line":18,"column":46}},{"start":{"line":18,"column":50},"end":{"line":18,"column":61}}]},"1":{"loc":{"start":{"line":19,"column":26},"end":{"line":19,"column":65}},"type":"binary-expr","locations":[{"start":{"line":19,"column":26},"end":{"line":19,"column":55}},{"start":{"line":19,"column":59},"end":{"line":19,"column":65}}]},"2":{"loc":{"start":{"line":39,"column":15},"end":{"line":39,"column":45}},"type":"binary-expr","locations":[{"start":{"line":39,"column":15},"end":{"line":39,"column":32}},{"start":{"line":39,"column":36},"end":{"line":39,"column":45}}]},"3":{"loc":{"start":{"line":55,"column":6},"end":{"line":57,"column":7}},"type":"if","locations":[{"start":{"line":55,"column":6},"end":{"line":57,"column":7}}]}},"s":{"0":1,"1":1,"2":1,"3":1,"4":1,"5":1,"6":3,"7":0,"8":1,"9":1,"10":1,"11":2,"12":2,"13":2,"14":2,"15":2,"16":2,"17":0,"18":2,"19":2},"f":{"0":1,"1":3,"2":0,"3":1,"4":2,"5":2},"b":{"0":[1,1],"1":[1,1],"2":[2,0],"3":[0]}}
}
