TN:
SF:src\app.ts
FN:59,(anonymous_1)
FN:69,(anonymous_2)
FN:86,(anonymous_3)
FN:99,(anonymous_4)
FN:104,(anonymous_5)
FNF:5
FNH:2
FNDA:1,(anonymous_1)
FNDA:1,(anonymous_2)
FNDA:0,(anonymous_3)
FNDA:0,(anonymous_4)
FNDA:0,(anonymous_5)
DA:1,1
DA:2,1
DA:3,1
DA:4,1
DA:5,1
DA:6,1
DA:7,1
DA:8,1
DA:9,1
DA:10,1
DA:11,1
DA:12,1
DA:13,1
DA:19,1
DA:22,1
DA:24,1
DA:25,1
DA:28,1
DA:31,1
DA:34,1
DA:35,1
DA:39,1
DA:40,1
DA:41,1
DA:44,1
DA:45,1
DA:47,1
DA:50,1
DA:53,1
DA:56,1
DA:59,1
DA:60,1
DA:69,1
DA:70,1
DA:71,1
DA:75,1
DA:78,1
DA:79,1
DA:83,1
DA:86,1
DA:87,0
DA:88,0
DA:97,1
DA:98,0
DA:99,0
DA:100,0
DA:104,0
DA:105,0
DA:106,0
DA:110,1
LF:50
LH:42
BRDA:25,0,0,1
BRDA:25,0,1,0
BRDA:36,1,0,1
BRDA:36,1,1,0
BRDA:78,2,0,1
BRDA:88,3,0,0
BRDA:88,3,1,0
BRDA:90,4,0,0
BRDA:90,4,1,0
BRDA:91,5,0,0
BRDA:91,5,1,0
BRDA:97,6,0,0
BRDA:98,7,0,0
BRDA:98,7,1,0
BRF:14
BRH:3
end_of_record
TN:
SF:src\config\env.ts
FNF:0
FNH:0
DA:1,1
DA:2,1
DA:4,1
DA:6,1
DA:17,1
LF:5
LH:5
BRF:0
BRH:0
end_of_record
TN:
SF:src\config\sentry.ts
FN:24,initSentry
FN:60,(anonymous_10)
FN:91,sentryRequestHandler
FN:93,(anonymous_12)
FN:100,sentryTracingHandler
FN:102,(anonymous_14)
FN:109,sentryErrorHandler
FN:111,(anonymous_16)
FN:130,captureException
FN:140,captureMessage
FN:147,setUser
FN:154,clearUser
FN:161,addBreadcrumb
FN:168,closeSentry
FNF:14
FNH:6
FNDA:1,initSentry
FNDA:0,(anonymous_10)
FNDA:1,sentryRequestHandler
FNDA:2,(anonymous_12)
FNDA:1,sentryTracingHandler
FNDA:2,(anonymous_14)
FNDA:1,sentryErrorHandler
FNDA:0,(anonymous_16)
FNDA:0,captureException
FNDA:0,captureMessage
FNDA:0,setUser
FNDA:0,clearUser
FNDA:0,addBreadcrumb
FNDA:0,closeSentry
DA:8,1
DA:9,1
DA:24,1
DA:32,1
DA:34,1
DA:35,1
DA:36,1
DA:37,1
DA:40,0
DA:62,0
DA:63,0
DA:67,0
DA:68,0
DA:71,0
DA:82,0
DA:83,0
DA:84,0
DA:91,1
DA:93,2
DA:100,1
DA:102,2
DA:109,1
DA:111,1
DA:113,0
DA:123,0
DA:130,1
DA:131,0
DA:132,0
DA:134,0
DA:140,1
DA:141,0
DA:147,1
DA:148,0
DA:154,1
DA:155,0
DA:161,1
DA:162,0
DA:168,1
DA:169,0
DA:170,0
DA:173,1
LF:41
LH:21
BRDA:26,0,0,1
BRDA:27,1,0,1
BRDA:27,2,0,1
BRDA:27,2,1,0
BRDA:29,3,0,1
BRDA:30,4,0,1
BRDA:30,5,0,1
BRDA:30,5,1,1
BRDA:31,6,0,1
BRDA:31,7,0,1
BRDA:31,7,1,1
BRDA:34,8,0,1
BRDA:34,9,0,1
BRDA:34,9,1,0
BRDA:57,10,0,0
BRDA:57,10,1,0
BRDA:57,11,0,0
BRDA:57,11,1,0
BRDA:62,12,0,0
BRDA:67,13,0,0
BRDA:68,14,0,0
BRDA:68,14,1,0
BRDA:131,15,0,0
BRDA:140,16,0,0
BRDA:168,17,0,0
BRF:25
BRH:12
end_of_record
TN:
SF:src\config\swagger.ts
FN:116,setupSwagger
FN:129,(anonymous_2)
FNF:2
FNH:1
FNDA:1,setupSwagger
FNDA:0,(anonymous_2)
DA:6,1
DA:7,1
DA:10,1
DA:111,1
DA:116,1
DA:118,1
DA:129,1
DA:130,0
DA:131,0
DA:134,1
DA:137,1
LF:11
LH:9
BRF:0
BRH:0
end_of_record
TN:
SF:src\controllers\auth.controller.ts
FN:9,(anonymous_0)
FN:56,(anonymous_1)
FN:109,(anonymous_2)
FN:127,(anonymous_3)
FN:160,(anonymous_4)
FN:190,(anonymous_5)
FN:215,(anonymous_6)
FN:247,(anonymous_7)
FNF:8
FNH:0
FNDA:0,(anonymous_0)
FNDA:0,(anonymous_1)
FNDA:0,(anonymous_2)
FNDA:0,(anonymous_3)
FNDA:0,(anonymous_4)
FNDA:0,(anonymous_5)
FNDA:0,(anonymous_6)
FNDA:0,(anonymous_7)
DA:2,1
DA:4,1
DA:10,0
DA:11,0
DA:13,0
DA:15,0
DA:16,0
DA:24,0
DA:32,0
DA:39,0
DA:42,0
DA:43,0
DA:44,0
DA:45,0
DA:47,0
DA:57,0
DA:58,0
DA:60,0
DA:62,0
DA:63,0
DA:64,0
DA:68,0
DA:71,0
DA:72,0
DA:76,0
DA:84,0
DA:90,0
DA:93,0
DA:94,0
DA:95,0
DA:96,0
DA:97,0
DA:98,0
DA:100,0
DA:110,0
DA:117,0
DA:128,0
DA:129,0
DA:131,0
DA:132,0
DA:133,0
DA:136,0
DA:138,0
DA:139,0
DA:140,0
DA:143,0
DA:151,0
DA:152,0
DA:161,0
DA:162,0
DA:164,0
DA:165,0
DA:166,0
DA:169,0
DA:171,0
DA:176,0
DA:178,0
DA:179,0
DA:181,0
DA:191,0
DA:192,0
DA:194,0
DA:195,0
DA:196,0
DA:199,0
DA:201,0
DA:206,0
DA:207,0
DA:216,0
DA:217,0
DA:219,0
DA:220,0
DA:221,0
DA:224,0
DA:226,0
DA:231,0
DA:233,0
DA:234,0
DA:235,0
DA:236,0
DA:238,0
DA:248,0
DA:249,0
DA:251,0
DA:252,0
DA:253,0
DA:256,0
DA:258,0
DA:263,0
DA:265,0
DA:266,0
DA:268,0
DA:274,1
LF:93
LH:3
BRDA:15,0,0,0
BRDA:15,0,1,0
BRDA:42,1,0,0
BRDA:42,1,1,0
BRDA:44,2,0,0
BRDA:44,2,1,0
BRDA:44,3,0,0
BRDA:44,3,1,0
BRDA:62,4,0,0
BRDA:63,5,0,0
BRDA:93,6,0,0
BRDA:93,6,1,0
BRDA:95,7,0,0
BRDA:95,7,1,0
BRDA:97,8,0,0
BRDA:97,8,1,0
BRDA:131,9,0,0
BRDA:138,10,0,0
BRDA:164,11,0,0
BRDA:178,12,0,0
BRDA:178,12,1,0
BRDA:178,13,0,0
BRDA:178,13,1,0
BRDA:194,14,0,0
BRDA:219,15,0,0
BRDA:219,16,0,0
BRDA:219,16,1,0
BRDA:233,17,0,0
BRDA:233,17,1,0
BRDA:233,18,0,0
BRDA:233,18,1,0
BRDA:235,19,0,0
BRDA:235,19,1,0
BRDA:251,20,0,0
BRDA:265,21,0,0
BRDA:265,21,1,0
BRDA:265,22,0,0
BRDA:265,22,1,0
BRF:38
BRH:0
end_of_record
TN:
SF:src\middleware\rate-limit.ts
FNF:0
FNH:0
DA:1,1
DA:6,1
DA:17,1
DA:28,1
DA:39,1
DA:50,1
DA:61,1
LF:7
LH:7
BRF:0
BRH:0
end_of_record
TN:
SF:src\repositories\user.repository.ts
FN:17,(anonymous_0)
FN:27,(anonymous_1)
FN:36,(anonymous_2)
FN:48,(anonymous_3)
FN:58,(anonymous_4)
FN:71,(anonymous_5)
FN:84,(anonymous_6)
FNF:7
FNH:0
FNDA:0,(anonymous_0)
FNDA:0,(anonymous_1)
FNDA:0,(anonymous_2)
FNDA:0,(anonymous_3)
FNDA:0,(anonymous_4)
FNDA:0,(anonymous_5)
FNDA:0,(anonymous_6)
DA:1,1
DA:3,1
DA:13,1
DA:18,0
DA:19,0
DA:28,0
DA:37,0
DA:49,0
DA:59,0
DA:72,0
DA:85,0
DA:86,0
DA:88,0
DA:89,0
DA:91,0
DA:92,0
DA:93,0
DA:96,0
DA:100,1
LF:19
LH:4
BRDA:86,0,0,0
BRDA:91,1,0,0
BRDA:91,2,0,0
BRDA:91,2,1,0
BRF:4
BRH:0
end_of_record
TN:
SF:src\repositories\verification.repository.ts
FN:10,(anonymous_1)
FN:35,(anonymous_2)
FN:60,(anonymous_3)
FN:69,(anonymous_4)
FN:94,(anonymous_5)
FN:119,(anonymous_6)
FNF:6
FNH:0
FNDA:0,(anonymous_1)
FNDA:0,(anonymous_2)
FNDA:0,(anonymous_3)
FNDA:0,(anonymous_4)
FNDA:0,(anonymous_5)
FNDA:0,(anonymous_6)
DA:1,1
DA:2,1
DA:4,1
DA:6,1
DA:12,0
DA:17,0
DA:18,0
DA:19,0
DA:21,0
DA:29,0
DA:36,0
DA:38,0
DA:42,0
DA:43,0
DA:47,0
DA:48,0
DA:51,0
DA:54,0
DA:61,0
DA:71,0
DA:76,0
DA:77,0
DA:78,0
DA:80,0
DA:88,0
DA:95,0
DA:97,0
DA:101,0
DA:102,0
DA:106,0
DA:107,0
DA:110,0
DA:113,0
DA:120,0
DA:126,1
LF:35
LH:5
BRDA:42,0,0,0
BRDA:47,1,0,0
BRDA:101,2,0,0
BRDA:106,3,0,0
BRF:4
BRH:0
end_of_record
TN:
SF:src\routes\auth.routes.ts
FN:61,(anonymous_0)
FN:111,(anonymous_1)
FN:117,(anonymous_2)
FN:123,(anonymous_3)
FN:129,(anonymous_4)
FN:135,(anonymous_5)
FN:141,(anonymous_6)
FN:147,(anonymous_7)
FNF:8
FNH:0
FNDA:0,(anonymous_0)
FNDA:0,(anonymous_1)
FNDA:0,(anonymous_2)
FNDA:0,(anonymous_3)
FNDA:0,(anonymous_4)
FNDA:0,(anonymous_5)
FNDA:0,(anonymous_6)
FNDA:0,(anonymous_7)
DA:1,1
DA:2,1
DA:3,1
DA:11,1
DA:61,1
DA:111,1
DA:117,1
DA:123,1
DA:129,1
DA:135,1
DA:141,1
DA:147,1
DA:149,1
LF:13
LH:13
BRF:0
BRH:0
end_of_record
TN:
SF:src\routes\debug.routes.ts
FN:17,(anonymous_0)
FN:27,(anonymous_1)
FN:37,(anonymous_2)
FN:45,(anonymous_3)
FN:61,(anonymous_4)
FN:70,(anonymous_5)
FNF:6
FNH:0
FNDA:0,(anonymous_0)
FNDA:0,(anonymous_1)
FNDA:0,(anonymous_2)
FNDA:0,(anonymous_3)
FNDA:0,(anonymous_4)
FNDA:0,(anonymous_5)
DA:6,1
DA:7,1
DA:9,1
DA:12,1
DA:17,1
DA:18,0
DA:19,0
DA:20,0
DA:27,1
DA:28,0
DA:29,0
DA:30,0
DA:37,1
DA:38,0
DA:45,1
DA:46,0
DA:47,0
DA:49,0
DA:53,0
DA:61,1
DA:62,0
DA:63,0
DA:70,1
DA:71,0
DA:84,1
LF:25
LH:11
BRDA:12,0,0,1
BRF:1
BRH:1
end_of_record
TN:
SF:src\services\auth.service.ts
FN:34,(anonymous_9)
FN:103,(anonymous_10)
FN:160,(anonymous_11)
FN:189,(anonymous_12)
FN:220,(anonymous_13)
FN:249,(anonymous_14)
FN:281,(anonymous_15)
FN:312,(anonymous_16)
FNF:8
FNH:0
FNDA:0,(anonymous_9)
FNDA:0,(anonymous_10)
FNDA:0,(anonymous_11)
FNDA:0,(anonymous_12)
FNDA:0,(anonymous_13)
FNDA:0,(anonymous_14)
FNDA:0,(anonymous_15)
FNDA:0,(anonymous_16)
DA:1,1
DA:2,1
DA:4,1
DA:5,1
DA:6,1
DA:7,1
DA:8,1
DA:10,1
DA:30,1
DA:36,0
DA:37,0
DA:40,0
DA:41,0
DA:44,0
DA:47,0
DA:48,0
DA:49,0
DA:53,0
DA:56,0
DA:59,0
DA:67,0
DA:68,0
DA:71,0
DA:77,0
DA:79,0
DA:87,0
DA:89,0
DA:105,0
DA:106,0
DA:109,0
DA:112,0
DA:113,0
DA:114,0
DA:118,0
DA:119,0
DA:120,0
DA:124,0
DA:126,0
DA:128,0
DA:129,0
DA:133,0
DA:136,0
DA:137,0
DA:138,0
DA:146,0
DA:148,0
DA:161,0
DA:163,0
DA:164,0
DA:167,0
DA:168,0
DA:171,0
DA:172,0
DA:173,0
DA:177,0
DA:180,0
DA:190,0
DA:191,0
DA:193,0
DA:194,0
DA:200,0
DA:203,0
DA:209,0
DA:211,0
DA:221,0
DA:222,0
DA:225,0
DA:227,0
DA:228,0
DA:231,0
DA:233,0
DA:238,0
DA:240,0
DA:250,0
DA:251,0
DA:253,0
DA:254,0
DA:257,0
DA:258,0
DA:261,0
DA:264,0
DA:270,0
DA:272,0
DA:283,0
DA:284,0
DA:291,0
DA:292,0
DA:299,0
DA:300,0
DA:302,0
DA:313,0
DA:315,0
DA:316,0
DA:319,0
DA:320,0
DA:321,0
DA:323,0
DA:328,1
LF:98
LH:10
BRDA:36,0,0,0
BRDA:36,1,0,0
BRDA:36,1,1,0
BRDA:40,2,0,0
BRDA:48,3,0,0
BRDA:64,4,0,0
BRDA:64,4,1,0
BRDA:67,5,0,0
BRDA:67,5,1,0
BRDA:105,6,0,0
BRDA:105,7,0,0
BRDA:105,7,1,0
BRDA:113,8,0,0
BRDA:119,9,0,0
BRDA:126,10,0,0
BRDA:137,11,0,0
BRDA:137,12,0,0
BRDA:137,12,1,0
BRDA:163,13,0,0
BRDA:172,14,0,0
BRDA:193,15,0,0
BRDA:221,16,0,0
BRDA:221,17,0,0
BRDA:221,17,1,0
BRDA:227,18,0,0
BRDA:253,19,0,0
BRDA:257,20,0,0
BRDA:283,21,0,0
BRDA:291,22,0,0
BRDA:315,23,0,0
BRF:30
BRH:0
end_of_record
TN:
SF:src\services\queue.service.ts
FN:24,addEmailJob
FN:41,getEmailQueueMetrics
FN:63,closeQueue
FNF:3
FNH:0
FNDA:0,addEmailJob
FNDA:0,getEmailQueueMetrics
FNDA:0,closeQueue
DA:1,1
DA:2,1
DA:4,1
DA:11,1
DA:24,1
DA:25,0
DA:35,0
DA:41,1
DA:42,0
DA:50,0
DA:63,1
DA:64,0
DA:65,0
LF:13
LH:7
BRDA:5,0,0,1
BRDA:5,0,1,1
BRDA:6,1,0,1
BRDA:6,1,1,1
BRF:4
BRH:4
end_of_record
TN:
SF:src\tracing\jaeger.ts
FN:9,initJaegerTracing
FN:25,(anonymous_1)
FN:26,(anonymous_2)
FN:34,tracingMiddleware
FN:35,(anonymous_4)
FN:53,(anonymous_5)
FNF:6
FNH:5
FNDA:1,initJaegerTracing
FNDA:3,(anonymous_1)
FNDA:0,(anonymous_2)
FNDA:1,tracingMiddleware
FNDA:2,(anonymous_4)
FNDA:2,(anonymous_5)
DA:5,1
DA:6,1
DA:9,1
DA:10,1
DA:23,1
DA:25,3
DA:26,0
DA:30,1
DA:31,1
DA:34,1
DA:35,1
DA:36,2
DA:38,2
DA:50,2
DA:53,2
DA:54,2
DA:55,2
DA:56,0
DA:58,2
DA:61,2
LF:20
LH:18
BRDA:18,0,0,1
BRDA:18,0,1,1
BRDA:19,1,0,1
BRDA:19,1,1,1
BRDA:39,2,0,2
BRDA:39,2,1,0
BRDA:55,3,0,0
BRF:7
BRH:5
end_of_record
